2025-05-14 17:06:05,271 - INFO - Successfully connected to Gmail
2025-05-14 17:06:05,273 - INFO - Found 14 RFQ folders to process
2025-05-14 17:06:06,107 - INFO - Created draft email with subject: L8031----Inquiry----2025_Bolts
2025-05-14 17:06:06,107 - INFO - Created draft in Gmail for L8031
2025-05-14 17:06:06,110 - INFO - Successfully processed RFQ folder: 2025_Bolts
2025-05-14 17:06:06,878 - INFO - Created draft email with subject: L8032----Inquiry----2027_Laptops
2025-05-14 17:06:06,878 - INFO - Created draft in Gmail for L8032
2025-05-14 17:06:06,887 - INFO - Successfully processed RFQ folder: 2027_Laptops
2025-05-14 17:06:07,880 - INFO - Created draft email with subject: L8033----Inquiry----2029_Saltwater_Pump
2025-05-14 17:06:07,880 - INFO - Created draft in Gmail for L8033
2025-05-14 17:06:07,887 - INFO - Successfully processed RFQ folder: 2029_Saltwater_Pump
2025-05-14 17:06:08,685 - INFO - Created draft email with subject: L8034----Inquiry----2034_LED_TV
2025-05-14 17:06:08,687 - INFO - Created draft in Gmail for L8034
2025-05-14 17:06:08,701 - INFO - Successfully processed RFQ folder: 2034_LED_TV
2025-05-14 17:06:09,643 - INFO - Created draft email with subject: L8035----Inquiry----items2026
2025-05-14 17:06:09,643 - INFO - Created draft in Gmail for L8035
2025-05-14 17:06:09,649 - INFO - Successfully processed RFQ folder: items2026
2025-05-14 17:06:11,567 - INFO - Created draft email with subject: L8036----Inquiry----items2027
2025-05-14 17:06:11,567 - INFO - Created draft in Gmail for L8036
2025-05-14 17:06:11,570 - INFO - Successfully processed RFQ folder: items2027
2025-05-14 17:06:12,382 - INFO - Created draft email with subject: L8037----Inquiry----items2028
2025-05-14 17:06:12,382 - INFO - Created draft in Gmail for L8037
2025-05-14 17:06:12,382 - INFO - Successfully processed RFQ folder: items2028
2025-05-14 17:06:13,413 - INFO - Created draft email with subject: L8038----Inquiry----items2030
2025-05-14 17:06:13,413 - INFO - Created draft in Gmail for L8038
2025-05-14 17:06:13,421 - INFO - Successfully processed RFQ folder: items2030
2025-05-14 17:06:14,400 - INFO - Created draft email with subject: L8039----Inquiry----Requisition2029
2025-05-14 17:06:14,400 - INFO - Created draft in Gmail for L8039
2025-05-14 17:06:14,406 - INFO - Successfully processed RFQ folder: Requisition2029
2025-05-14 17:06:15,969 - INFO - Created draft email with subject: L8040----Inquiry----Requisition2032
2025-05-14 17:06:15,970 - INFO - Created draft in Gmail for L8040
2025-05-14 17:06:15,971 - INFO - Successfully processed RFQ folder: Requisition2032
2025-05-14 17:06:16,760 - INFO - Created draft email with subject: L8041----Inquiry----RFQ2026
2025-05-14 17:06:16,760 - INFO - Created draft in Gmail for L8041
2025-05-14 17:06:16,760 - INFO - Successfully processed RFQ folder: RFQ2026
2025-05-14 17:06:17,556 - INFO - Created draft email with subject: L8042----Inquiry----RFQ2028
2025-05-14 17:06:17,556 - INFO - Created draft in Gmail for L8042
2025-05-14 17:06:17,558 - INFO - Successfully processed RFQ folder: RFQ2028
2025-05-14 17:06:19,248 - INFO - Created draft email with subject: L8043----Inquiry----RFQ2031
2025-05-14 17:06:19,248 - INFO - Created draft in Gmail for L8043
2025-05-14 17:06:19,251 - INFO - Successfully processed RFQ folder: RFQ2031
2025-05-14 17:06:20,979 - INFO - Created draft email with subject: L8044----Inquiry----RFQ2035
2025-05-14 17:06:20,979 - INFO - Created draft in Gmail for L8044
2025-05-14 17:06:20,983 - INFO - Successfully processed RFQ folder: RFQ2035
2025-05-14 17:06:25,967 - INFO - Successfully connected to Gmail
2025-05-14 17:06:25,969 - INFO - Found 14 RFQ folders to process
2025-05-14 17:06:26,879 - INFO - Created draft email with subject: L8045----Inquiry----2025_Bolts
2025-05-14 17:06:26,879 - INFO - Created draft in Gmail for L8045
2025-05-14 17:06:26,881 - INFO - Successfully processed RFQ folder: 2025_Bolts
2025-05-14 17:06:27,806 - INFO - Created draft email with subject: L8046----Inquiry----2027_Laptops
2025-05-14 17:06:27,806 - INFO - Created draft in Gmail for L8046
2025-05-14 17:06:27,821 - INFO - Successfully processed RFQ folder: 2027_Laptops
2025-05-14 17:06:28,920 - INFO - Created draft email with subject: L8047----Inquiry----2029_Saltwater_Pump
2025-05-14 17:06:28,920 - INFO - Created draft in Gmail for L8047
2025-05-14 17:06:28,920 - INFO - Successfully processed RFQ folder: 2029_Saltwater_Pump
2025-05-14 17:06:29,839 - INFO - Created draft email with subject: L8048----Inquiry----2034_LED_TV
2025-05-14 17:06:29,839 - INFO - Created draft in Gmail for L8048
2025-05-14 17:06:29,852 - INFO - Successfully processed RFQ folder: 2034_LED_TV
2025-05-14 17:06:30,868 - INFO - Created draft email with subject: L8049----Inquiry----items2026
2025-05-14 17:06:30,868 - INFO - Created draft in Gmail for L8049
2025-05-14 17:06:30,868 - INFO - Successfully processed RFQ folder: items2026
2025-05-14 17:06:33,003 - INFO - Created draft email with subject: L8050----Inquiry----items2027
2025-05-14 17:06:33,003 - INFO - Created draft in Gmail for L8050
2025-05-14 17:06:33,003 - INFO - Successfully processed RFQ folder: items2027
2025-05-14 17:06:33,818 - INFO - Created draft email with subject: L8051----Inquiry----items2028
2025-05-14 17:06:33,818 - INFO - Created draft in Gmail for L8051
2025-05-14 17:06:33,828 - INFO - Successfully processed RFQ folder: items2028
2025-05-14 17:06:34,813 - INFO - Created draft email with subject: L8052----Inquiry----items2030
2025-05-14 17:06:34,813 - INFO - Created draft in Gmail for L8052
2025-05-14 17:06:34,815 - INFO - Successfully processed RFQ folder: items2030
2025-05-14 17:06:35,762 - INFO - Created draft email with subject: L8053----Inquiry----Requisition2029
2025-05-14 17:06:35,762 - INFO - Created draft in Gmail for L8053
2025-05-14 17:06:35,764 - INFO - Successfully processed RFQ folder: Requisition2029
2025-05-14 17:06:37,392 - INFO - Created draft email with subject: L8054----Inquiry----Requisition2032
2025-05-14 17:06:37,392 - INFO - Created draft in Gmail for L8054
2025-05-14 17:06:37,394 - INFO - Successfully processed RFQ folder: Requisition2032
2025-05-14 17:06:38,243 - INFO - Created draft email with subject: L8055----Inquiry----RFQ2026
2025-05-14 17:06:38,243 - INFO - Created draft in Gmail for L8055
2025-05-14 17:06:38,243 - INFO - Successfully processed RFQ folder: RFQ2026
2025-05-14 17:06:39,139 - INFO - Created draft email with subject: L8056----Inquiry----RFQ2028
2025-05-14 17:06:39,139 - INFO - Created draft in Gmail for L8056
2025-05-14 17:06:39,142 - INFO - Successfully processed RFQ folder: RFQ2028
2025-05-14 17:06:40,950 - INFO - Created draft email with subject: L8057----Inquiry----RFQ2031
2025-05-14 17:06:40,950 - INFO - Created draft in Gmail for L8057
2025-05-14 17:06:40,950 - INFO - Successfully processed RFQ folder: RFQ2031
2025-05-14 17:06:42,915 - INFO - Created draft email with subject: L8058----Inquiry----RFQ2035
2025-05-14 17:06:42,915 - INFO - Created draft in Gmail for L8058
2025-05-14 17:06:42,917 - INFO - Successfully processed RFQ folder: RFQ2035
2025-05-14 17:06:47,914 - INFO - Successfully connected to Gmail
2025-05-14 17:06:47,927 - INFO - Found 14 RFQ folders to process
2025-05-14 17:06:48,754 - INFO - Created draft email with subject: L8059----Inquiry----2025_Bolts
2025-05-14 17:06:48,754 - INFO - Created draft in Gmail for L8059
2025-05-14 17:06:48,757 - INFO - Successfully processed RFQ folder: 2025_Bolts
2025-05-14 17:06:49,556 - INFO - Created draft email with subject: L8060----Inquiry----2027_Laptops
2025-05-14 17:06:49,556 - INFO - Created draft in Gmail for L8060
2025-05-14 17:06:49,556 - INFO - Successfully processed RFQ folder: 2027_Laptops
2025-05-14 17:06:50,640 - INFO - Created draft email with subject: L8061----Inquiry----2029_Saltwater_Pump
2025-05-14 17:06:50,640 - INFO - Created draft in Gmail for L8061
2025-05-14 17:06:50,653 - INFO - Successfully processed RFQ folder: 2029_Saltwater_Pump
2025-05-14 17:06:51,451 - INFO - Created draft email with subject: L8062----Inquiry----2034_LED_TV
2025-05-14 17:06:51,451 - INFO - Created draft in Gmail for L8062
2025-05-14 17:06:51,457 - INFO - Successfully processed RFQ folder: 2034_LED_TV
2025-05-14 17:06:52,451 - INFO - Created draft email with subject: L8063----Inquiry----items2026
2025-05-14 17:06:52,451 - INFO - Created draft in Gmail for L8063
2025-05-14 17:06:52,460 - INFO - Successfully processed RFQ folder: items2026
2025-05-14 17:06:54,879 - INFO - Created draft email with subject: L8064----Inquiry----items2027
2025-05-14 17:06:54,879 - INFO - Created draft in Gmail for L8064
2025-05-14 17:06:54,880 - INFO - Successfully processed RFQ folder: items2027
2025-05-14 17:06:55,770 - INFO - Created draft email with subject: L8065----Inquiry----items2028
2025-05-14 17:06:55,770 - INFO - Created draft in Gmail for L8065
2025-05-14 17:06:55,770 - INFO - Successfully processed RFQ folder: items2028
2025-05-14 17:06:56,814 - INFO - Created draft email with subject: L8066----Inquiry----items2030
2025-05-14 17:06:56,814 - INFO - Created draft in Gmail for L8066
2025-05-14 17:06:56,821 - INFO - Successfully processed RFQ folder: items2030
2025-05-14 17:06:57,931 - INFO - Created draft email with subject: L8067----Inquiry----Requisition2029
2025-05-14 17:06:57,931 - INFO - Created draft in Gmail for L8067
2025-05-14 17:06:57,963 - INFO - Successfully processed RFQ folder: Requisition2029
2025-05-14 17:06:59,880 - INFO - Created draft email with subject: L8068----Inquiry----Requisition2032
2025-05-14 17:06:59,880 - INFO - Created draft in Gmail for L8068
2025-05-14 17:06:59,880 - INFO - Successfully processed RFQ folder: Requisition2032
2025-05-14 17:07:00,750 - INFO - Created draft email with subject: L8069----Inquiry----RFQ2026
2025-05-14 17:07:00,750 - INFO - Created draft in Gmail for L8069
2025-05-14 17:07:00,766 - INFO - Successfully processed RFQ folder: RFQ2026
2025-05-14 17:07:01,596 - INFO - Created draft email with subject: L8070----Inquiry----RFQ2028
2025-05-14 17:07:01,596 - INFO - Created draft in Gmail for L8070
2025-05-14 17:07:01,596 - INFO - Successfully processed RFQ folder: RFQ2028
2025-05-14 17:07:03,407 - INFO - Created draft email with subject: L8071----Inquiry----RFQ2031
2025-05-14 17:07:03,407 - INFO - Created draft in Gmail for L8071
2025-05-14 17:07:03,412 - INFO - Successfully processed RFQ folder: RFQ2031
2025-05-14 17:07:05,112 - INFO - Created draft email with subject: L8072----Inquiry----RFQ2035
2025-05-14 17:07:05,112 - INFO - Created draft in Gmail for L8072
2025-05-14 17:07:05,122 - INFO - Successfully processed RFQ folder: RFQ2035
2025-05-14 17:07:09,624 - INFO - Successfully connected to Gmail
2025-05-14 17:07:09,626 - INFO - Found 14 RFQ folders to process
2025-05-14 17:07:10,499 - INFO - Created draft email with subject: L8073----Inquiry----2025_Bolts
2025-05-14 17:07:10,499 - INFO - Created draft in Gmail for L8073
2025-05-14 17:07:10,513 - INFO - Successfully processed RFQ folder: 2025_Bolts
2025-05-14 17:07:11,321 - INFO - Created draft email with subject: L8074----Inquiry----2027_Laptops
2025-05-14 17:07:11,321 - INFO - Created draft in Gmail for L8074
2025-05-14 17:07:11,321 - INFO - Successfully processed RFQ folder: 2027_Laptops
2025-05-14 17:07:12,297 - INFO - Created draft email with subject: L8075----Inquiry----2029_Saltwater_Pump
2025-05-14 17:07:12,297 - INFO - Created draft in Gmail for L8075
2025-05-14 17:07:12,305 - INFO - Successfully processed RFQ folder: 2029_Saltwater_Pump
2025-05-14 17:07:13,078 - INFO - Created draft email with subject: L8076----Inquiry----2034_LED_TV
2025-05-14 17:07:13,078 - INFO - Created draft in Gmail for L8076
2025-05-14 17:07:13,130 - INFO - Successfully processed RFQ folder: 2034_LED_TV
2025-05-14 17:07:14,055 - INFO - Created draft email with subject: L8077----Inquiry----items2026
2025-05-14 17:07:14,055 - INFO - Created draft in Gmail for L8077
2025-05-14 17:07:14,057 - INFO - Successfully processed RFQ folder: items2026
2025-05-14 17:07:16,159 - INFO - Created draft email with subject: L8078----Inquiry----items2027
2025-05-14 17:07:16,161 - INFO - Created draft in Gmail for L8078
2025-05-14 17:07:16,166 - INFO - Successfully processed RFQ folder: items2027
2025-05-14 17:07:16,973 - INFO - Created draft email with subject: L8079----Inquiry----items2028
2025-05-14 17:07:16,973 - INFO - Created draft in Gmail for L8079
2025-05-14 17:07:16,975 - INFO - Successfully processed RFQ folder: items2028
2025-05-14 17:07:18,877 - INFO - Created draft email with subject: L8080----Inquiry----items2030
2025-05-14 17:07:18,879 - INFO - Created draft in Gmail for L8080
2025-05-14 17:07:18,889 - INFO - Successfully processed RFQ folder: items2030
2025-05-14 17:07:19,838 - INFO - Created draft email with subject: L8081----Inquiry----Requisition2029
2025-05-14 17:07:19,838 - INFO - Created draft in Gmail for L8081
2025-05-14 17:07:19,842 - INFO - Successfully processed RFQ folder: Requisition2029
2025-05-14 17:07:21,449 - INFO - Created draft email with subject: L8082----Inquiry----Requisition2032
2025-05-14 17:07:21,449 - INFO - Created draft in Gmail for L8082
2025-05-14 17:07:21,458 - INFO - Successfully processed RFQ folder: Requisition2032
2025-05-14 17:07:22,329 - INFO - Created draft email with subject: L8083----Inquiry----RFQ2026
2025-05-14 17:07:22,335 - INFO - Created draft in Gmail for L8083
2025-05-14 17:07:22,338 - INFO - Successfully processed RFQ folder: RFQ2026
2025-05-14 17:07:23,147 - INFO - Created draft email with subject: L8084----Inquiry----RFQ2028
2025-05-14 17:07:23,147 - INFO - Created draft in Gmail for L8084
2025-05-14 17:07:23,149 - INFO - Successfully processed RFQ folder: RFQ2028
2025-05-14 17:07:24,879 - INFO - Created draft email with subject: L8085----Inquiry----RFQ2031
2025-05-14 17:07:24,879 - INFO - Created draft in Gmail for L8085
2025-05-14 17:07:24,887 - INFO - Successfully processed RFQ folder: RFQ2031
2025-05-14 17:07:26,682 - INFO - Created draft email with subject: L8086----Inquiry----RFQ2035
2025-05-14 17:07:26,683 - INFO - Created draft in Gmail for L8086
2025-05-14 17:07:26,685 - INFO - Successfully processed RFQ folder: RFQ2035
2025-05-14 17:07:31,358 - INFO - Successfully connected to Gmail
2025-05-14 17:07:31,358 - INFO - Found 14 RFQ folders to process
2025-05-14 17:07:32,203 - INFO - Created draft email with subject: L8087----Inquiry----2025_Bolts
2025-05-14 17:07:32,203 - INFO - Created draft in Gmail for L8087
2025-05-14 17:07:32,211 - INFO - Successfully processed RFQ folder: 2025_Bolts
2025-05-14 17:07:33,185 - INFO - Created draft email with subject: L8088----Inquiry----2027_Laptops
2025-05-14 17:07:33,185 - INFO - Created draft in Gmail for L8088
2025-05-14 17:07:33,185 - INFO - Successfully processed RFQ folder: 2027_Laptops
2025-05-14 17:07:34,177 - INFO - Created draft email with subject: L8089----Inquiry----2029_Saltwater_Pump
2025-05-14 17:07:34,177 - INFO - Created draft in Gmail for L8089
2025-05-14 17:07:34,188 - INFO - Successfully processed RFQ folder: 2029_Saltwater_Pump
2025-05-14 17:07:34,968 - INFO - Created draft email with subject: L8090----Inquiry----2034_LED_TV
2025-05-14 17:07:34,968 - INFO - Created draft in Gmail for L8090
2025-05-14 17:07:34,972 - INFO - Successfully processed RFQ folder: 2034_LED_TV
2025-05-14 17:07:35,965 - INFO - Created draft email with subject: L8091----Inquiry----items2026
2025-05-14 17:07:35,965 - INFO - Created draft in Gmail for L8091
2025-05-14 17:07:35,973 - INFO - Successfully processed RFQ folder: items2026
2025-05-14 17:07:38,059 - INFO - Created draft email with subject: L8092----Inquiry----items2027
2025-05-14 17:07:38,060 - INFO - Created draft in Gmail for L8092
2025-05-14 17:07:38,067 - INFO - Successfully processed RFQ folder: items2027
2025-05-14 17:07:38,889 - INFO - Created draft email with subject: L8093----Inquiry----items2028
2025-05-14 17:07:38,889 - INFO - Created draft in Gmail for L8093
2025-05-14 17:07:38,892 - INFO - Successfully processed RFQ folder: items2028
2025-05-14 17:07:39,864 - INFO - Created draft email with subject: L8094----Inquiry----items2030
2025-05-14 17:07:39,864 - INFO - Created draft in Gmail for L8094
2025-05-14 17:07:39,915 - INFO - Successfully processed RFQ folder: items2030
2025-05-14 17:07:40,837 - INFO - Created draft email with subject: L8095----Inquiry----Requisition2029
2025-05-14 17:07:40,837 - INFO - Created draft in Gmail for L8095
2025-05-14 17:07:40,864 - INFO - Successfully processed RFQ folder: Requisition2029
2025-05-14 17:07:42,546 - INFO - Created draft email with subject: L8096----Inquiry----Requisition2032
2025-05-14 17:07:42,546 - INFO - Created draft in Gmail for L8096
2025-05-14 17:07:42,582 - INFO - Successfully processed RFQ folder: Requisition2032
2025-05-14 17:07:43,444 - INFO - Created draft email with subject: L8097----Inquiry----RFQ2026
2025-05-14 17:07:43,444 - INFO - Created draft in Gmail for L8097
2025-05-14 17:07:43,449 - INFO - Successfully processed RFQ folder: RFQ2026
2025-05-14 17:07:44,260 - INFO - Created draft email with subject: L8098----Inquiry----RFQ2028
2025-05-14 17:07:44,260 - INFO - Created draft in Gmail for L8098
2025-05-14 17:07:44,263 - INFO - Successfully processed RFQ folder: RFQ2028
2025-05-14 17:07:46,020 - INFO - Created draft email with subject: L8099----Inquiry----RFQ2031
2025-05-14 17:07:46,020 - INFO - Created draft in Gmail for L8099
2025-05-14 17:07:46,040 - INFO - Successfully processed RFQ folder: RFQ2031
2025-05-14 17:07:47,789 - INFO - Created draft email with subject: L8100----Inquiry----RFQ2035
2025-05-14 17:07:47,789 - INFO - Created draft in Gmail for L8100
2025-05-14 17:07:47,796 - INFO - Successfully processed RFQ folder: RFQ2035
2025-05-14 17:07:52,673 - INFO - Successfully connected to Gmail
2025-05-14 17:07:52,705 - INFO - Found 14 RFQ folders to process
2025-05-14 17:07:53,562 - INFO - Created draft email with subject: L8101----Inquiry----2025_Bolts
2025-05-14 17:07:53,565 - INFO - Created draft in Gmail for L8101
2025-05-14 17:07:53,668 - INFO - Successfully processed RFQ folder: 2025_Bolts
2025-05-14 17:07:54,474 - INFO - Created draft email with subject: L8102----Inquiry----2027_Laptops
2025-05-14 17:07:54,475 - INFO - Created draft in Gmail for L8102
2025-05-14 17:07:54,485 - INFO - Successfully processed RFQ folder: 2027_Laptops
2025-05-14 17:07:55,731 - INFO - Created draft email with subject: L8103----Inquiry----2029_Saltwater_Pump
2025-05-14 17:07:55,731 - INFO - Created draft in Gmail for L8103
2025-05-14 17:07:55,736 - INFO - Successfully processed RFQ folder: 2029_Saltwater_Pump
2025-05-14 17:07:56,576 - INFO - Created draft email with subject: L8104----Inquiry----2034_LED_TV
2025-05-14 17:07:56,576 - INFO - Created draft in Gmail for L8104
2025-05-14 17:07:56,585 - INFO - Successfully processed RFQ folder: 2034_LED_TV
2025-05-14 17:07:57,933 - INFO - Created draft email with subject: L8105----Inquiry----items2026
2025-05-14 17:07:57,938 - INFO - Created draft in Gmail for L8105
2025-05-14 17:07:57,946 - INFO - Successfully processed RFQ folder: items2026
2025-05-14 17:08:01,091 - INFO - Created draft email with subject: L8106----Inquiry----items2027
2025-05-14 17:08:01,091 - INFO - Created draft in Gmail for L8106
2025-05-14 17:08:01,101 - INFO - Successfully processed RFQ folder: items2027
2025-05-14 17:08:01,941 - INFO - Created draft email with subject: L8107----Inquiry----items2028
2025-05-14 17:08:01,941 - INFO - Created draft in Gmail for L8107
2025-05-14 17:08:01,946 - INFO - Successfully processed RFQ folder: items2028
2025-05-14 17:08:03,076 - INFO - Created draft email with subject: L8108----Inquiry----items2030
2025-05-14 17:08:03,077 - INFO - Created draft in Gmail for L8108
2025-05-14 17:08:03,078 - INFO - Successfully processed RFQ folder: items2030
2025-05-14 17:08:04,014 - INFO - Created draft email with subject: L8109----Inquiry----Requisition2029
2025-05-14 17:08:04,014 - INFO - Created draft in Gmail for L8109
2025-05-14 17:08:04,016 - INFO - Successfully processed RFQ folder: Requisition2029
2025-05-14 17:08:05,797 - INFO - Created draft email with subject: L8110----Inquiry----Requisition2032
2025-05-14 17:08:05,797 - INFO - Created draft in Gmail for L8110
2025-05-14 17:08:05,797 - INFO - Successfully processed RFQ folder: Requisition2032
2025-05-14 17:08:06,678 - INFO - Created draft email with subject: L8111----Inquiry----RFQ2026
2025-05-14 17:08:06,678 - INFO - Created draft in Gmail for L8111
2025-05-14 17:08:06,680 - INFO - Successfully processed RFQ folder: RFQ2026
2025-05-14 17:08:07,793 - INFO - Created draft email with subject: L8112----Inquiry----RFQ2028
2025-05-14 17:08:07,793 - INFO - Created draft in Gmail for L8112
2025-05-14 17:08:07,797 - INFO - Successfully processed RFQ folder: RFQ2028
2025-05-14 17:08:09,475 - INFO - Created draft email with subject: L8113----Inquiry----RFQ2031
2025-05-14 17:08:09,475 - INFO - Created draft in Gmail for L8113
2025-05-14 17:08:09,490 - INFO - Successfully processed RFQ folder: RFQ2031
2025-05-14 17:08:11,295 - INFO - Created draft email with subject: L8114----Inquiry----RFQ2035
2025-05-14 17:08:11,295 - INFO - Created draft in Gmail for L8114
2025-05-14 17:08:11,297 - INFO - Successfully processed RFQ folder: RFQ2035
2025-05-14 17:08:16,412 - INFO - Successfully connected to Gmail
2025-05-14 17:08:16,420 - INFO - Found 14 RFQ folders to process
2025-05-14 17:08:17,312 - INFO - Created draft email with subject: L8115----Inquiry----2025_Bolts
2025-05-14 17:08:17,312 - INFO - Created draft in Gmail for L8115
2025-05-14 17:08:17,326 - INFO - Successfully processed RFQ folder: 2025_Bolts
2025-05-14 17:08:18,206 - INFO - Created draft email with subject: L8116----Inquiry----2027_Laptops
2025-05-14 17:08:18,208 - INFO - Created draft in Gmail for L8116
2025-05-14 17:08:18,209 - INFO - Successfully processed RFQ folder: 2027_Laptops
2025-05-14 17:08:19,372 - INFO - Created draft email with subject: L8117----Inquiry----2029_Saltwater_Pump
2025-05-14 17:08:19,372 - INFO - Created draft in Gmail for L8117
2025-05-14 17:08:19,388 - INFO - Successfully processed RFQ folder: 2029_Saltwater_Pump
2025-05-14 17:08:20,275 - INFO - Created draft email with subject: L8118----Inquiry----2034_LED_TV
2025-05-14 17:08:20,275 - INFO - Created draft in Gmail for L8118
2025-05-14 17:08:20,275 - INFO - Successfully processed RFQ folder: 2034_LED_TV
2025-05-14 17:08:21,288 - INFO - Created draft email with subject: L8119----Inquiry----items2026
2025-05-14 17:08:21,288 - INFO - Created draft in Gmail for L8119
2025-05-14 17:08:21,303 - INFO - Successfully processed RFQ folder: items2026
2025-05-14 17:08:23,743 - INFO - Created draft email with subject: L8120----Inquiry----items2027
2025-05-14 17:08:23,743 - INFO - Created draft in Gmail for L8120
2025-05-14 17:08:23,753 - INFO - Successfully processed RFQ folder: items2027
2025-05-14 17:08:24,590 - INFO - Created draft email with subject: L8121----Inquiry----items2028
2025-05-14 17:08:24,590 - INFO - Created draft in Gmail for L8121
2025-05-14 17:08:24,594 - INFO - Successfully processed RFQ folder: items2028
2025-05-14 17:08:25,583 - INFO - Created draft email with subject: L8122----Inquiry----items2030
2025-05-14 17:08:25,583 - INFO - Created draft in Gmail for L8122
2025-05-14 17:08:25,583 - INFO - Successfully processed RFQ folder: items2030
2025-05-14 17:08:26,640 - INFO - Created draft email with subject: L8123----Inquiry----Requisition2029
2025-05-14 17:08:26,641 - INFO - Created draft in Gmail for L8123
2025-05-14 17:08:26,643 - INFO - Successfully processed RFQ folder: Requisition2029
2025-05-14 17:08:28,731 - INFO - Created draft email with subject: L8124----Inquiry----Requisition2032
2025-05-14 17:08:28,731 - INFO - Created draft in Gmail for L8124
2025-05-14 17:08:28,731 - INFO - Successfully processed RFQ folder: Requisition2032
2025-05-14 17:08:29,565 - INFO - Created draft email with subject: L8125----Inquiry----RFQ2026
2025-05-14 17:08:29,565 - INFO - Created draft in Gmail for L8125
2025-05-14 17:08:29,567 - INFO - Successfully processed RFQ folder: RFQ2026
2025-05-14 17:08:30,486 - INFO - Created draft email with subject: L8126----Inquiry----RFQ2028
2025-05-14 17:08:30,486 - INFO - Created draft in Gmail for L8126
2025-05-14 17:08:30,495 - INFO - Successfully processed RFQ folder: RFQ2028
2025-05-14 17:08:32,484 - INFO - Created draft email with subject: L8127----Inquiry----RFQ2031
2025-05-14 17:08:32,485 - INFO - Created draft in Gmail for L8127
2025-05-14 17:08:32,497 - INFO - Successfully processed RFQ folder: RFQ2031
2025-05-14 17:08:34,514 - INFO - Created draft email with subject: L8128----Inquiry----RFQ2035
2025-05-14 17:08:34,514 - INFO - Created draft in Gmail for L8128
2025-05-14 17:08:34,520 - INFO - Successfully processed RFQ folder: RFQ2035
2025-05-14 17:08:42,912 - INFO - Successfully connected to Gmail
2025-05-14 17:08:42,922 - INFO - Found 14 RFQ folders to process
2025-05-14 17:08:43,809 - INFO - Created draft email with subject: L8129----Inquiry----2025_Bolts
2025-05-14 17:08:43,809 - INFO - Created draft in Gmail for L8129
2025-05-14 17:08:43,826 - INFO - Successfully processed RFQ folder: 2025_Bolts
2025-05-14 17:08:44,688 - INFO - Created draft email with subject: L8130----Inquiry----2027_Laptops
2025-05-14 17:08:44,691 - INFO - Created draft in Gmail for L8130
2025-05-14 17:08:44,697 - INFO - Successfully processed RFQ folder: 2027_Laptops
2025-05-14 17:08:45,744 - INFO - Created draft email with subject: L8131----Inquiry----2029_Saltwater_Pump
2025-05-14 17:08:45,745 - INFO - Created draft in Gmail for L8131
2025-05-14 17:08:45,753 - INFO - Successfully processed RFQ folder: 2029_Saltwater_Pump
2025-05-14 17:08:46,560 - INFO - Created draft email with subject: L8132----Inquiry----2034_LED_TV
2025-05-14 17:08:46,560 - INFO - Created draft in Gmail for L8132
2025-05-14 17:08:46,564 - INFO - Successfully processed RFQ folder: 2034_LED_TV
2025-05-14 17:08:47,518 - INFO - Created draft email with subject: L8133----Inquiry----items2026
2025-05-14 17:08:47,518 - INFO - Created draft in Gmail for L8133
2025-05-14 17:08:47,521 - INFO - Successfully processed RFQ folder: items2026
2025-05-14 17:08:49,481 - INFO - Created draft email with subject: L8134----Inquiry----items2027
2025-05-14 17:08:49,492 - INFO - Created draft in Gmail for L8134
2025-05-14 17:08:49,497 - INFO - Successfully processed RFQ folder: items2027
2025-05-14 17:08:50,334 - INFO - Created draft email with subject: L8135----Inquiry----items2028
2025-05-14 17:08:50,336 - INFO - Created draft in Gmail for L8135
2025-05-14 17:08:50,338 - INFO - Successfully processed RFQ folder: items2028
2025-05-14 17:08:51,378 - INFO - Created draft email with subject: L8136----Inquiry----items2030
2025-05-14 17:08:51,378 - INFO - Created draft in Gmail for L8136
2025-05-14 17:08:51,384 - INFO - Successfully processed RFQ folder: items2030
2025-05-14 17:08:52,399 - INFO - Created draft email with subject: L8137----Inquiry----Requisition2029
2025-05-14 17:08:52,399 - INFO - Created draft in Gmail for L8137
2025-05-14 17:08:52,403 - INFO - Successfully processed RFQ folder: Requisition2029
2025-05-14 17:08:53,935 - INFO - Created draft email with subject: L8138----Inquiry----Requisition2032
2025-05-14 17:08:53,935 - INFO - Created draft in Gmail for L8138
2025-05-14 17:08:53,953 - INFO - Successfully processed RFQ folder: Requisition2032
2025-05-14 17:08:54,729 - INFO - Created draft email with subject: L8139----Inquiry----RFQ2026
2025-05-14 17:08:54,729 - INFO - Created draft in Gmail for L8139
2025-05-14 17:08:54,733 - INFO - Successfully processed RFQ folder: RFQ2026
2025-05-14 17:08:55,533 - INFO - Created draft email with subject: L8140----Inquiry----RFQ2028
2025-05-14 17:08:55,533 - INFO - Created draft in Gmail for L8140
2025-05-14 17:08:55,541 - INFO - Successfully processed RFQ folder: RFQ2028
2025-05-14 17:08:57,200 - INFO - Created draft email with subject: L8141----Inquiry----RFQ2031
2025-05-14 17:08:57,200 - INFO - Created draft in Gmail for L8141
2025-05-14 17:08:57,216 - INFO - Successfully processed RFQ folder: RFQ2031
2025-05-14 17:08:58,865 - INFO - Created draft email with subject: L8142----Inquiry----RFQ2035
2025-05-14 17:08:58,865 - INFO - Created draft in Gmail for L8142
2025-05-14 17:08:58,877 - INFO - Successfully processed RFQ folder: RFQ2035
2025-05-14 17:09:04,397 - INFO - Successfully connected to Gmail
2025-05-14 17:09:04,399 - INFO - Found 14 RFQ folders to process
2025-05-14 17:09:05,344 - INFO - Created draft email with subject: L8143----Inquiry----2025_Bolts
2025-05-14 17:09:05,344 - INFO - Created draft in Gmail for L8143
2025-05-14 17:09:05,350 - INFO - Successfully processed RFQ folder: 2025_Bolts
2025-05-14 17:09:06,127 - INFO - Created draft email with subject: L8144----Inquiry----2027_Laptops
2025-05-14 17:09:06,127 - INFO - Created draft in Gmail for L8144
2025-05-14 17:09:06,131 - INFO - Successfully processed RFQ folder: 2027_Laptops
2025-05-14 17:09:07,212 - INFO - Created draft email with subject: L8145----Inquiry----2029_Saltwater_Pump
2025-05-14 17:09:07,212 - INFO - Created draft in Gmail for L8145
2025-05-14 17:09:07,215 - INFO - Successfully processed RFQ folder: 2029_Saltwater_Pump
2025-05-14 17:09:07,976 - INFO - Created draft email with subject: L8146----Inquiry----2034_LED_TV
2025-05-14 17:09:07,984 - INFO - Created draft in Gmail for L8146
2025-05-14 17:09:07,984 - INFO - Successfully processed RFQ folder: 2034_LED_TV
2025-05-14 17:09:08,972 - INFO - Created draft email with subject: L8147----Inquiry----items2026
2025-05-14 17:09:08,972 - INFO - Created draft in Gmail for L8147
2025-05-14 17:09:08,985 - INFO - Successfully processed RFQ folder: items2026
2025-05-14 17:09:10,961 - INFO - Created draft email with subject: L8148----Inquiry----items2027
2025-05-14 17:09:10,962 - INFO - Created draft in Gmail for L8148
2025-05-14 17:09:11,022 - INFO - Successfully processed RFQ folder: items2027
2025-05-14 17:09:11,867 - INFO - Created draft email with subject: L8149----Inquiry----items2028
2025-05-14 17:09:11,867 - INFO - Created draft in Gmail for L8149
2025-05-14 17:09:11,869 - INFO - Successfully processed RFQ folder: items2028
2025-05-14 17:09:12,888 - INFO - Created draft email with subject: L8150----Inquiry----items2030
2025-05-14 17:09:12,888 - INFO - Created draft in Gmail for L8150
2025-05-14 17:09:12,896 - INFO - Successfully processed RFQ folder: items2030
2025-05-14 17:09:13,794 - INFO - Created draft email with subject: L8151----Inquiry----Requisition2029
2025-05-14 17:09:13,795 - INFO - Created draft in Gmail for L8151
2025-05-14 17:09:13,815 - INFO - Successfully processed RFQ folder: Requisition2029
2025-05-14 17:09:15,381 - INFO - Created draft email with subject: L8152----Inquiry----Requisition2032
2025-05-14 17:09:15,382 - INFO - Created draft in Gmail for L8152
2025-05-14 17:09:15,390 - INFO - Successfully processed RFQ folder: Requisition2032
2025-05-14 17:09:16,170 - INFO - Created draft email with subject: L8153----Inquiry----RFQ2026
2025-05-14 17:09:16,170 - INFO - Created draft in Gmail for L8153
2025-05-14 17:09:16,179 - INFO - Successfully processed RFQ folder: RFQ2026
2025-05-14 17:09:16,967 - INFO - Created draft email with subject: L8154----Inquiry----RFQ2028
2025-05-14 17:09:16,967 - INFO - Created draft in Gmail for L8154
2025-05-14 17:09:16,983 - INFO - Successfully processed RFQ folder: RFQ2028
2025-05-14 17:09:18,646 - INFO - Created draft email with subject: L8155----Inquiry----RFQ2031
2025-05-14 17:09:18,646 - INFO - Created draft in Gmail for L8155
2025-05-14 17:09:18,652 - INFO - Successfully processed RFQ folder: RFQ2031
2025-05-14 17:09:20,282 - INFO - Created draft email with subject: L8156----Inquiry----RFQ2035
2025-05-14 17:09:20,285 - INFO - Created draft in Gmail for L8156
2025-05-14 17:09:20,290 - INFO - Successfully processed RFQ folder: RFQ2035
2025-05-14 17:09:25,135 - INFO - Successfully connected to Gmail
2025-05-14 17:09:25,147 - INFO - Found 14 RFQ folders to process
2025-05-14 17:09:25,962 - INFO - Created draft email with subject: L8157----Inquiry----2025_Bolts
2025-05-14 17:09:25,962 - INFO - Created draft in Gmail for L8157
2025-05-14 17:09:25,983 - INFO - Successfully processed RFQ folder: 2025_Bolts
2025-05-14 17:09:26,820 - INFO - Created draft email with subject: L8158----Inquiry----2027_Laptops
2025-05-14 17:09:26,820 - INFO - Created draft in Gmail for L8158
2025-05-14 17:09:26,833 - INFO - Successfully processed RFQ folder: 2027_Laptops
2025-05-14 17:09:27,910 - INFO - Created draft email with subject: L8159----Inquiry----2029_Saltwater_Pump
2025-05-14 17:09:27,910 - INFO - Created draft in Gmail for L8159
2025-05-14 17:09:27,917 - INFO - Successfully processed RFQ folder: 2029_Saltwater_Pump
2025-05-14 17:09:28,889 - INFO - Created draft email with subject: L8160----Inquiry----2034_LED_TV
2025-05-14 17:09:28,889 - INFO - Created draft in Gmail for L8160
2025-05-14 17:09:28,893 - INFO - Successfully processed RFQ folder: 2034_LED_TV
2025-05-14 17:09:29,806 - INFO - Created draft email with subject: L8161----Inquiry----items2026
2025-05-14 17:09:29,806 - INFO - Created draft in Gmail for L8161
2025-05-14 17:09:29,888 - INFO - Successfully processed RFQ folder: items2026
2025-05-14 17:09:32,103 - INFO - Created draft email with subject: L8162----Inquiry----items2027
2025-05-14 17:09:32,103 - INFO - Created draft in Gmail for L8162
2025-05-14 17:09:32,109 - INFO - Successfully processed RFQ folder: items2027
2025-05-14 17:09:32,992 - INFO - Created draft email with subject: L8163----Inquiry----items2028
2025-05-14 17:09:32,992 - INFO - Created draft in Gmail for L8163
2025-05-14 17:09:32,992 - INFO - Successfully processed RFQ folder: items2028
2025-05-14 17:09:33,943 - INFO - Created draft email with subject: L8164----Inquiry----items2030
2025-05-14 17:09:33,943 - INFO - Created draft in Gmail for L8164
2025-05-14 17:09:33,959 - INFO - Successfully processed RFQ folder: items2030
2025-05-14 17:09:34,909 - INFO - Created draft email with subject: L8165----Inquiry----Requisition2029
2025-05-14 17:09:34,909 - INFO - Created draft in Gmail for L8165
2025-05-14 17:09:34,917 - INFO - Successfully processed RFQ folder: Requisition2029
2025-05-14 17:09:36,656 - INFO - Created draft email with subject: L8166----Inquiry----Requisition2032
2025-05-14 17:09:36,657 - INFO - Created draft in Gmail for L8166
2025-05-14 17:09:36,659 - INFO - Successfully processed RFQ folder: Requisition2032
2025-05-14 17:09:37,532 - INFO - Created draft email with subject: L8167----Inquiry----RFQ2026
2025-05-14 17:09:37,535 - INFO - Created draft in Gmail for L8167
2025-05-14 17:09:37,549 - INFO - Successfully processed RFQ folder: RFQ2026
2025-05-14 17:09:38,346 - INFO - Created draft email with subject: L8168----Inquiry----RFQ2028
2025-05-14 17:09:38,346 - INFO - Created draft in Gmail for L8168
2025-05-14 17:09:38,357 - INFO - Successfully processed RFQ folder: RFQ2028
2025-05-14 17:09:40,258 - INFO - Created draft email with subject: L8169----Inquiry----RFQ2031
2025-05-14 17:09:40,258 - INFO - Created draft in Gmail for L8169
2025-05-14 17:09:40,258 - INFO - Successfully processed RFQ folder: RFQ2031
2025-05-14 17:09:41,868 - INFO - Created draft email with subject: L8170----Inquiry----RFQ2035
2025-05-14 17:09:41,868 - INFO - Created draft in Gmail for L8170
2025-05-14 17:09:41,890 - INFO - Successfully processed RFQ folder: RFQ2035
2025-05-14 17:09:47,344 - INFO - Successfully connected to Gmail
2025-05-14 17:09:47,348 - INFO - Found 14 RFQ folders to process
2025-05-14 17:09:48,161 - INFO - Created draft email with subject: L8171----Inquiry----2025_Bolts
2025-05-14 17:09:48,161 - INFO - Created draft in Gmail for L8171
2025-05-14 17:09:48,176 - INFO - Successfully processed RFQ folder: 2025_Bolts
2025-05-14 17:09:49,001 - INFO - Created draft email with subject: L8172----Inquiry----2027_Laptops
2025-05-14 17:09:49,003 - INFO - Created draft in Gmail for L8172
2025-05-14 17:09:49,003 - INFO - Successfully processed RFQ folder: 2027_Laptops
2025-05-14 17:09:50,100 - INFO - Created draft email with subject: L8173----Inquiry----2029_Saltwater_Pump
2025-05-14 17:09:50,101 - INFO - Created draft in Gmail for L8173
2025-05-14 17:09:50,104 - INFO - Successfully processed RFQ folder: 2029_Saltwater_Pump
2025-05-14 17:09:50,919 - INFO - Created draft email with subject: L8174----Inquiry----2034_LED_TV
2025-05-14 17:09:50,919 - INFO - Created draft in Gmail for L8174
2025-05-14 17:09:50,932 - INFO - Successfully processed RFQ folder: 2034_LED_TV
2025-05-14 17:09:51,881 - INFO - Created draft email with subject: L8175----Inquiry----items2026
2025-05-14 17:09:51,881 - INFO - Created draft in Gmail for L8175
2025-05-14 17:09:51,895 - INFO - Successfully processed RFQ folder: items2026
2025-05-14 17:09:54,022 - INFO - Created draft email with subject: L8176----Inquiry----items2027
2025-05-14 17:09:54,026 - INFO - Created draft in Gmail for L8176
2025-05-14 17:09:54,047 - INFO - Successfully processed RFQ folder: items2027
2025-05-14 17:09:54,871 - INFO - Created draft email with subject: L8177----Inquiry----items2028
2025-05-14 17:09:54,871 - INFO - Created draft in Gmail for L8177
2025-05-14 17:09:54,889 - INFO - Successfully processed RFQ folder: items2028
2025-05-14 17:09:55,835 - INFO - Created draft email with subject: L8178----Inquiry----items2030
2025-05-14 17:09:55,835 - INFO - Created draft in Gmail for L8178
2025-05-14 17:09:55,843 - INFO - Successfully processed RFQ folder: items2030
2025-05-14 17:09:56,853 - INFO - Created draft email with subject: L8179----Inquiry----Requisition2029
2025-05-14 17:09:56,853 - INFO - Created draft in Gmail for L8179
2025-05-14 17:09:56,870 - INFO - Successfully processed RFQ folder: Requisition2029
2025-05-14 17:09:58,494 - INFO - Created draft email with subject: L8180----Inquiry----Requisition2032
2025-05-14 17:09:58,503 - INFO - Created draft in Gmail for L8180
2025-05-14 17:09:58,512 - INFO - Successfully processed RFQ folder: Requisition2032
2025-05-14 17:09:59,341 - INFO - Created draft email with subject: L8181----Inquiry----RFQ2026
2025-05-14 17:09:59,341 - INFO - Created draft in Gmail for L8181
2025-05-14 17:09:59,346 - INFO - Successfully processed RFQ folder: RFQ2026
2025-05-14 17:10:00,177 - INFO - Created draft email with subject: L8182----Inquiry----RFQ2028
2025-05-14 17:10:00,177 - INFO - Created draft in Gmail for L8182
2025-05-14 17:10:00,181 - INFO - Successfully processed RFQ folder: RFQ2028
2025-05-14 17:10:01,970 - INFO - Created draft email with subject: L8183----Inquiry----RFQ2031
2025-05-14 17:10:01,970 - INFO - Created draft in Gmail for L8183
2025-05-14 17:10:01,973 - INFO - Successfully processed RFQ folder: RFQ2031
2025-05-14 17:10:03,799 - INFO - Created draft email with subject: L8184----Inquiry----RFQ2035
2025-05-14 17:10:03,799 - INFO - Created draft in Gmail for L8184
2025-05-14 17:10:03,807 - INFO - Successfully processed RFQ folder: RFQ2035
2025-05-14 17:10:09,029 - INFO - Successfully connected to Gmail
2025-05-14 17:10:09,033 - INFO - Found 14 RFQ folders to process
2025-05-14 17:10:09,858 - INFO - Created draft email with subject: L8185----Inquiry----2025_Bolts
2025-05-14 17:10:09,858 - INFO - Created draft in Gmail for L8185
2025-05-14 17:10:09,878 - INFO - Successfully processed RFQ folder: 2025_Bolts
2025-05-14 17:10:10,700 - INFO - Created draft email with subject: L8186----Inquiry----2027_Laptops
2025-05-14 17:10:10,707 - INFO - Created draft in Gmail for L8186
2025-05-14 17:10:10,713 - INFO - Successfully processed RFQ folder: 2027_Laptops
2025-05-14 17:10:11,773 - INFO - Created draft email with subject: L8187----Inquiry----2029_Saltwater_Pump
2025-05-14 17:10:11,773 - INFO - Created draft in Gmail for L8187
2025-05-14 17:10:11,784 - INFO - Successfully processed RFQ folder: 2029_Saltwater_Pump
2025-05-14 17:10:12,818 - INFO - Created draft email with subject: L8188----Inquiry----2034_LED_TV
2025-05-14 17:10:12,818 - INFO - Created draft in Gmail for L8188
2025-05-14 17:10:12,824 - INFO - Successfully processed RFQ folder: 2034_LED_TV
2025-05-14 17:10:13,811 - INFO - Created draft email with subject: L8189----Inquiry----items2026
2025-05-14 17:10:13,816 - INFO - Created draft in Gmail for L8189
2025-05-14 17:10:13,821 - INFO - Successfully processed RFQ folder: items2026
2025-05-14 17:10:16,051 - INFO - Created draft email with subject: L8190----Inquiry----items2027
2025-05-14 17:10:16,051 - INFO - Created draft in Gmail for L8190
2025-05-14 17:10:16,063 - INFO - Successfully processed RFQ folder: items2027
2025-05-14 17:10:16,975 - INFO - Created draft email with subject: L8191----Inquiry----items2028
2025-05-14 17:10:16,977 - INFO - Created draft in Gmail for L8191
2025-05-14 17:10:16,979 - INFO - Successfully processed RFQ folder: items2028
2025-05-14 17:10:18,277 - INFO - Created draft email with subject: L8192----Inquiry----items2030
2025-05-14 17:10:18,277 - INFO - Created draft in Gmail for L8192
2025-05-14 17:10:18,288 - INFO - Successfully processed RFQ folder: items2030
2025-05-14 17:10:19,317 - INFO - Created draft email with subject: L8193----Inquiry----Requisition2029
2025-05-14 17:10:19,317 - INFO - Created draft in Gmail for L8193
2025-05-14 17:10:19,336 - INFO - Successfully processed RFQ folder: Requisition2029
2025-05-14 17:10:20,939 - INFO - Created draft email with subject: L8194----Inquiry----Requisition2032
2025-05-14 17:10:20,939 - INFO - Created draft in Gmail for L8194
2025-05-14 17:10:20,944 - INFO - Successfully processed RFQ folder: Requisition2032
2025-05-14 17:10:21,770 - INFO - Created draft email with subject: L8195----Inquiry----RFQ2026
2025-05-14 17:10:21,770 - INFO - Created draft in Gmail for L8195
2025-05-14 17:10:21,777 - INFO - Successfully processed RFQ folder: RFQ2026
2025-05-14 17:10:22,581 - INFO - Created draft email with subject: L8196----Inquiry----RFQ2028
2025-05-14 17:10:22,590 - INFO - Created draft in Gmail for L8196
2025-05-14 17:10:22,592 - INFO - Successfully processed RFQ folder: RFQ2028
2025-05-14 17:10:24,699 - INFO - Created draft email with subject: L8197----Inquiry----RFQ2031
2025-05-14 17:10:24,699 - INFO - Created draft in Gmail for L8197
2025-05-14 17:10:24,709 - INFO - Successfully processed RFQ folder: RFQ2031
2025-05-14 17:10:26,752 - INFO - Created draft email with subject: L8198----Inquiry----RFQ2035
2025-05-14 17:10:26,752 - INFO - Created draft in Gmail for L8198
2025-05-14 17:10:26,756 - INFO - Successfully processed RFQ folder: RFQ2035
2025-07-14 20:14:36,365 - INFO - Successfully connected to Gmail
2025-07-14 20:14:36,367 - INFO - Found 9 RFQ folders to process
2025-07-14 20:14:42,029 - INFO - Created draft email with subject: L8001----Inquiry----2028_Aux_Engine
2025-07-14 20:14:42,029 - INFO - Created draft in Gmail for L8001
2025-07-14 20:14:42,032 - INFO - Successfully processed RFQ folder: 2028_Aux_Engine
2025-07-14 20:14:47,889 - INFO - Created draft email with subject: L8002----Inquiry----2032_Sneakers
2025-07-14 20:14:47,890 - INFO - Created draft in Gmail for L8002
2025-07-14 20:14:47,904 - INFO - Successfully processed RFQ folder: 2032_Sneakers
2025-07-14 20:14:49,017 - INFO - Created draft email with subject: L8003----Inquiry----2036_Tables
2025-07-14 20:14:49,017 - INFO - Created draft in Gmail for L8003
2025-07-14 20:14:49,021 - INFO - Successfully processed RFQ folder: 2036_Tables
2025-07-14 20:14:50,579 - INFO - Created draft email with subject: L8004----Inquiry----items2031
2025-07-14 20:14:50,579 - INFO - Created draft in Gmail for L8004
2025-07-14 20:14:50,582 - INFO - Successfully processed RFQ folder: items2031
2025-07-14 20:14:51,785 - INFO - Created draft email with subject: L8005----Inquiry----Requisition2033
2025-07-14 20:14:51,785 - INFO - Created draft in Gmail for L8005
2025-07-14 20:14:51,787 - INFO - Successfully processed RFQ folder: Requisition2033
2025-07-14 20:14:58,614 - INFO - Created draft email with subject: L8006----Inquiry----RFQ2029
2025-07-14 20:14:58,614 - INFO - Created draft in Gmail for L8006
2025-07-14 20:14:58,620 - INFO - Successfully processed RFQ folder: RFQ2029
2025-07-14 20:15:05,282 - INFO - Created draft email with subject: L8007----Inquiry----RFQ2030
2025-07-14 20:15:05,282 - INFO - Created draft in Gmail for L8007
2025-07-14 20:15:05,295 - INFO - Successfully processed RFQ folder: RFQ2030
2025-07-14 20:15:06,259 - INFO - Created draft email with subject: L8008----Inquiry----RFQ2035
2025-07-14 20:15:06,259 - INFO - Created draft in Gmail for L8008
2025-07-14 20:15:06,290 - INFO - Successfully processed RFQ folder: RFQ2035
2025-07-14 20:15:08,474 - INFO - Created draft email with subject: L8009----Inquiry----RFQ2037
2025-07-14 20:15:08,474 - INFO - Created draft in Gmail for L8009
2025-07-14 20:15:08,477 - INFO - Successfully processed RFQ folder: RFQ2037
2025-07-14 20:15:18,209 - INFO - Successfully connected to Gmail
2025-07-14 20:15:18,211 - INFO - Found 9 RFQ folders to process
2025-07-14 20:15:18,212 - INFO - RFQ 2028_Aux_Engine has already been processed. Skipping.
2025-07-14 20:15:18,212 - INFO - Successfully processed RFQ folder: 2028_Aux_Engine
2025-07-14 20:15:18,212 - INFO - RFQ 2032_Sneakers has already been processed. Skipping.
2025-07-14 20:15:18,212 - INFO - Successfully processed RFQ folder: 2032_Sneakers
2025-07-14 20:15:18,212 - INFO - RFQ 2036_Tables has already been processed. Skipping.
2025-07-14 20:15:18,212 - INFO - Successfully processed RFQ folder: 2036_Tables
2025-07-14 20:15:18,212 - INFO - RFQ items2031 has already been processed. Skipping.
2025-07-14 20:15:18,212 - INFO - Successfully processed RFQ folder: items2031
2025-07-14 20:15:18,212 - INFO - RFQ Requisition2033 has already been processed. Skipping.
2025-07-14 20:15:18,213 - INFO - Successfully processed RFQ folder: Requisition2033
2025-07-14 20:15:18,213 - INFO - RFQ RFQ2029 has already been processed. Skipping.
2025-07-14 20:15:18,213 - INFO - Successfully processed RFQ folder: RFQ2029
2025-07-14 20:15:18,213 - INFO - RFQ RFQ2030 has already been processed. Skipping.
2025-07-14 20:15:18,213 - INFO - Successfully processed RFQ folder: RFQ2030
2025-07-14 20:15:18,213 - INFO - RFQ RFQ2035 has already been processed. Skipping.
2025-07-14 20:15:18,213 - INFO - Successfully processed RFQ folder: RFQ2035
2025-07-14 20:15:18,213 - INFO - RFQ RFQ2037 has already been processed. Skipping.
2025-07-14 20:15:18,213 - INFO - Successfully processed RFQ folder: RFQ2037
2025-07-14 20:15:26,169 - INFO - Successfully connected to Gmail
2025-07-14 20:15:26,170 - INFO - Found 9 RFQ folders to process
2025-07-14 20:15:26,171 - INFO - RFQ 2028_Aux_Engine has already been processed. Skipping.
2025-07-14 20:15:26,171 - INFO - Successfully processed RFQ folder: 2028_Aux_Engine
2025-07-14 20:15:26,171 - INFO - RFQ 2032_Sneakers has already been processed. Skipping.
2025-07-14 20:15:26,171 - INFO - Successfully processed RFQ folder: 2032_Sneakers
2025-07-14 20:15:26,171 - INFO - RFQ 2036_Tables has already been processed. Skipping.
2025-07-14 20:15:26,171 - INFO - Successfully processed RFQ folder: 2036_Tables
2025-07-14 20:15:26,172 - INFO - RFQ items2031 has already been processed. Skipping.
2025-07-14 20:15:26,172 - INFO - Successfully processed RFQ folder: items2031
2025-07-14 20:15:26,172 - INFO - RFQ Requisition2033 has already been processed. Skipping.
2025-07-14 20:15:26,172 - INFO - Successfully processed RFQ folder: Requisition2033
2025-07-14 20:15:26,172 - INFO - RFQ RFQ2029 has already been processed. Skipping.
2025-07-14 20:15:26,172 - INFO - Successfully processed RFQ folder: RFQ2029
2025-07-14 20:15:26,173 - INFO - RFQ RFQ2030 has already been processed. Skipping.
2025-07-14 20:15:26,173 - INFO - Successfully processed RFQ folder: RFQ2030
2025-07-14 20:15:26,173 - INFO - RFQ RFQ2035 has already been processed. Skipping.
2025-07-14 20:15:26,173 - INFO - Successfully processed RFQ folder: RFQ2035
2025-07-14 20:15:26,173 - INFO - RFQ RFQ2037 has already been processed. Skipping.
2025-07-14 20:15:26,173 - INFO - Successfully processed RFQ folder: RFQ2037
2025-07-14 20:16:11,040 - INFO - Successfully connected to Gmail
2025-07-14 20:16:11,042 - INFO - Found 9 RFQ folders to process
2025-07-14 20:16:11,042 - INFO - RFQ 2028_Aux_Engine has already been processed. Skipping.
2025-07-14 20:16:11,042 - INFO - Successfully processed RFQ folder: 2028_Aux_Engine
2025-07-14 20:16:11,043 - INFO - RFQ 2032_Sneakers has already been processed. Skipping.
2025-07-14 20:16:11,043 - INFO - Successfully processed RFQ folder: 2032_Sneakers
2025-07-14 20:16:11,043 - INFO - RFQ 2036_Tables has already been processed. Skipping.
2025-07-14 20:16:11,043 - INFO - Successfully processed RFQ folder: 2036_Tables
2025-07-14 20:16:11,043 - INFO - RFQ items2031 has already been processed. Skipping.
2025-07-14 20:16:11,044 - INFO - Successfully processed RFQ folder: items2031
2025-07-14 20:16:11,044 - INFO - RFQ Requisition2033 has already been processed. Skipping.
2025-07-14 20:16:11,044 - INFO - Successfully processed RFQ folder: Requisition2033
2025-07-14 20:16:11,044 - INFO - RFQ RFQ2029 has already been processed. Skipping.
2025-07-14 20:16:11,044 - INFO - Successfully processed RFQ folder: RFQ2029
2025-07-14 20:16:11,044 - INFO - RFQ RFQ2030 has already been processed. Skipping.
2025-07-14 20:16:11,044 - INFO - Successfully processed RFQ folder: RFQ2030
2025-07-14 20:16:11,045 - INFO - RFQ RFQ2035 has already been processed. Skipping.
2025-07-14 20:16:11,045 - INFO - Successfully processed RFQ folder: RFQ2035
2025-07-14 20:16:11,045 - INFO - RFQ RFQ2037 has already been processed. Skipping.
2025-07-14 20:16:11,045 - INFO - Successfully processed RFQ folder: RFQ2037
2025-07-14 20:16:19,028 - INFO - Successfully connected to Gmail
2025-07-14 20:16:19,032 - INFO - Found 9 RFQ folders to process
2025-07-14 20:16:19,033 - INFO - RFQ 2028_Aux_Engine has already been processed. Skipping.
2025-07-14 20:16:19,033 - INFO - Successfully processed RFQ folder: 2028_Aux_Engine
2025-07-14 20:16:19,033 - INFO - RFQ 2032_Sneakers has already been processed. Skipping.
2025-07-14 20:16:19,033 - INFO - Successfully processed RFQ folder: 2032_Sneakers
2025-07-14 20:16:19,033 - INFO - RFQ 2036_Tables has already been processed. Skipping.
2025-07-14 20:16:19,033 - INFO - Successfully processed RFQ folder: 2036_Tables
2025-07-14 20:16:19,034 - INFO - RFQ items2031 has already been processed. Skipping.
2025-07-14 20:16:19,034 - INFO - Successfully processed RFQ folder: items2031
2025-07-14 20:16:19,034 - INFO - RFQ Requisition2033 has already been processed. Skipping.
2025-07-14 20:16:19,034 - INFO - Successfully processed RFQ folder: Requisition2033
2025-07-14 20:16:19,034 - INFO - RFQ RFQ2029 has already been processed. Skipping.
2025-07-14 20:16:19,034 - INFO - Successfully processed RFQ folder: RFQ2029
2025-07-14 20:16:19,034 - INFO - RFQ RFQ2030 has already been processed. Skipping.
2025-07-14 20:16:19,034 - INFO - Successfully processed RFQ folder: RFQ2030
2025-07-14 20:16:19,034 - INFO - RFQ RFQ2035 has already been processed. Skipping.
2025-07-14 20:16:19,034 - INFO - Successfully processed RFQ folder: RFQ2035
2025-07-14 20:16:19,036 - INFO - RFQ RFQ2037 has already been processed. Skipping.
2025-07-14 20:16:19,036 - INFO - Successfully processed RFQ folder: RFQ2037
2025-07-14 20:16:28,935 - INFO - Successfully connected to Gmail
2025-07-14 20:16:28,938 - INFO - Found 9 RFQ folders to process
2025-07-14 20:16:28,939 - INFO - RFQ 2028_Aux_Engine has already been processed. Skipping.
2025-07-14 20:16:28,939 - INFO - Successfully processed RFQ folder: 2028_Aux_Engine
2025-07-14 20:16:28,939 - INFO - RFQ 2032_Sneakers has already been processed. Skipping.
2025-07-14 20:16:28,940 - INFO - Successfully processed RFQ folder: 2032_Sneakers
2025-07-14 20:16:28,940 - INFO - RFQ 2036_Tables has already been processed. Skipping.
2025-07-14 20:16:28,940 - INFO - Successfully processed RFQ folder: 2036_Tables
2025-07-14 20:16:28,940 - INFO - RFQ items2031 has already been processed. Skipping.
2025-07-14 20:16:28,940 - INFO - Successfully processed RFQ folder: items2031
2025-07-14 20:16:28,941 - INFO - RFQ Requisition2033 has already been processed. Skipping.
2025-07-14 20:16:28,941 - INFO - Successfully processed RFQ folder: Requisition2033
2025-07-14 20:16:28,941 - INFO - RFQ RFQ2029 has already been processed. Skipping.
2025-07-14 20:16:28,941 - INFO - Successfully processed RFQ folder: RFQ2029
2025-07-14 20:16:28,941 - INFO - RFQ RFQ2030 has already been processed. Skipping.
2025-07-14 20:16:28,941 - INFO - Successfully processed RFQ folder: RFQ2030
2025-07-14 20:16:28,942 - INFO - RFQ RFQ2035 has already been processed. Skipping.
2025-07-14 20:16:28,942 - INFO - Successfully processed RFQ folder: RFQ2035
2025-07-14 20:16:28,942 - INFO - RFQ RFQ2037 has already been processed. Skipping.
2025-07-14 20:16:28,942 - INFO - Successfully processed RFQ folder: RFQ2037
2025-07-14 20:16:36,877 - INFO - Successfully connected to Gmail
2025-07-14 20:16:36,879 - INFO - Found 9 RFQ folders to process
2025-07-14 20:16:36,880 - INFO - RFQ 2028_Aux_Engine has already been processed. Skipping.
2025-07-14 20:16:36,880 - INFO - Successfully processed RFQ folder: 2028_Aux_Engine
2025-07-14 20:16:36,881 - INFO - RFQ 2032_Sneakers has already been processed. Skipping.
2025-07-14 20:16:36,881 - INFO - Successfully processed RFQ folder: 2032_Sneakers
2025-07-14 20:16:36,881 - INFO - RFQ 2036_Tables has already been processed. Skipping.
2025-07-14 20:16:36,881 - INFO - Successfully processed RFQ folder: 2036_Tables
2025-07-14 20:16:36,882 - INFO - RFQ items2031 has already been processed. Skipping.
2025-07-14 20:16:36,882 - INFO - Successfully processed RFQ folder: items2031
2025-07-14 20:16:36,882 - INFO - RFQ Requisition2033 has already been processed. Skipping.
2025-07-14 20:16:36,882 - INFO - Successfully processed RFQ folder: Requisition2033
2025-07-14 20:16:36,882 - INFO - RFQ RFQ2029 has already been processed. Skipping.
2025-07-14 20:16:36,883 - INFO - Successfully processed RFQ folder: RFQ2029
2025-07-14 20:16:36,883 - INFO - RFQ RFQ2030 has already been processed. Skipping.
2025-07-14 20:16:36,883 - INFO - Successfully processed RFQ folder: RFQ2030
2025-07-14 20:16:36,883 - INFO - RFQ RFQ2035 has already been processed. Skipping.
2025-07-14 20:16:36,885 - INFO - Successfully processed RFQ folder: RFQ2035
2025-07-14 20:16:36,885 - INFO - RFQ RFQ2037 has already been processed. Skipping.
2025-07-14 20:16:36,885 - INFO - Successfully processed RFQ folder: RFQ2037
2025-07-14 20:16:45,766 - INFO - Successfully connected to Gmail
2025-07-14 20:16:45,769 - INFO - Found 9 RFQ folders to process
2025-07-14 20:16:45,770 - INFO - RFQ 2028_Aux_Engine has already been processed. Skipping.
2025-07-14 20:16:45,770 - INFO - Successfully processed RFQ folder: 2028_Aux_Engine
2025-07-14 20:16:45,771 - INFO - RFQ 2032_Sneakers has already been processed. Skipping.
2025-07-14 20:16:45,771 - INFO - Successfully processed RFQ folder: 2032_Sneakers
2025-07-14 20:16:45,771 - INFO - RFQ 2036_Tables has already been processed. Skipping.
2025-07-14 20:16:45,771 - INFO - Successfully processed RFQ folder: 2036_Tables
2025-07-14 20:16:45,772 - INFO - RFQ items2031 has already been processed. Skipping.
2025-07-14 20:16:45,772 - INFO - Successfully processed RFQ folder: items2031
2025-07-14 20:16:45,772 - INFO - RFQ Requisition2033 has already been processed. Skipping.
2025-07-14 20:16:45,772 - INFO - Successfully processed RFQ folder: Requisition2033
2025-07-14 20:16:45,773 - INFO - RFQ RFQ2029 has already been processed. Skipping.
2025-07-14 20:16:45,773 - INFO - Successfully processed RFQ folder: RFQ2029
2025-07-14 20:16:45,773 - INFO - RFQ RFQ2030 has already been processed. Skipping.
2025-07-14 20:16:45,773 - INFO - Successfully processed RFQ folder: RFQ2030
2025-07-14 20:16:45,774 - INFO - RFQ RFQ2035 has already been processed. Skipping.
2025-07-14 20:16:45,774 - INFO - Successfully processed RFQ folder: RFQ2035
2025-07-14 20:16:45,775 - INFO - RFQ RFQ2037 has already been processed. Skipping.
2025-07-14 20:16:45,775 - INFO - Successfully processed RFQ folder: RFQ2037
2025-07-14 20:16:54,376 - INFO - Successfully connected to Gmail
2025-07-14 20:16:54,379 - INFO - Found 9 RFQ folders to process
2025-07-14 20:16:54,380 - INFO - RFQ 2028_Aux_Engine has already been processed. Skipping.
2025-07-14 20:16:54,380 - INFO - Successfully processed RFQ folder: 2028_Aux_Engine
2025-07-14 20:16:54,380 - INFO - RFQ 2032_Sneakers has already been processed. Skipping.
2025-07-14 20:16:54,380 - INFO - Successfully processed RFQ folder: 2032_Sneakers
2025-07-14 20:16:54,381 - INFO - RFQ 2036_Tables has already been processed. Skipping.
2025-07-14 20:16:54,381 - INFO - Successfully processed RFQ folder: 2036_Tables
2025-07-14 20:16:54,381 - INFO - RFQ items2031 has already been processed. Skipping.
2025-07-14 20:16:54,381 - INFO - Successfully processed RFQ folder: items2031
2025-07-14 20:16:54,381 - INFO - RFQ Requisition2033 has already been processed. Skipping.
2025-07-14 20:16:54,382 - INFO - Successfully processed RFQ folder: Requisition2033
2025-07-14 20:16:54,382 - INFO - RFQ RFQ2029 has already been processed. Skipping.
2025-07-14 20:16:54,382 - INFO - Successfully processed RFQ folder: RFQ2029
2025-07-14 20:16:54,383 - INFO - RFQ RFQ2030 has already been processed. Skipping.
2025-07-14 20:16:54,383 - INFO - Successfully processed RFQ folder: RFQ2030
2025-07-14 20:16:54,383 - INFO - RFQ RFQ2035 has already been processed. Skipping.
2025-07-14 20:16:54,384 - INFO - Successfully processed RFQ folder: RFQ2035
2025-07-14 20:16:54,384 - INFO - RFQ RFQ2037 has already been processed. Skipping.
2025-07-14 20:16:54,384 - INFO - Successfully processed RFQ folder: RFQ2037
2025-07-14 20:17:01,575 - INFO - Successfully connected to Gmail
2025-07-14 20:17:01,578 - INFO - Found 9 RFQ folders to process
2025-07-14 20:17:01,578 - INFO - RFQ 2028_Aux_Engine has already been processed. Skipping.
2025-07-14 20:17:01,579 - INFO - Successfully processed RFQ folder: 2028_Aux_Engine
2025-07-14 20:17:01,580 - INFO - RFQ 2032_Sneakers has already been processed. Skipping.
2025-07-14 20:17:01,580 - INFO - Successfully processed RFQ folder: 2032_Sneakers
2025-07-14 20:17:01,581 - INFO - RFQ 2036_Tables has already been processed. Skipping.
2025-07-14 20:17:01,581 - INFO - Successfully processed RFQ folder: 2036_Tables
2025-07-14 20:17:01,582 - INFO - RFQ items2031 has already been processed. Skipping.
2025-07-14 20:17:01,582 - INFO - Successfully processed RFQ folder: items2031
2025-07-14 20:17:01,583 - INFO - RFQ Requisition2033 has already been processed. Skipping.
2025-07-14 20:17:01,584 - INFO - Successfully processed RFQ folder: Requisition2033
2025-07-14 20:17:01,584 - INFO - RFQ RFQ2029 has already been processed. Skipping.
2025-07-14 20:17:01,585 - INFO - Successfully processed RFQ folder: RFQ2029
2025-07-14 20:17:01,585 - INFO - RFQ RFQ2030 has already been processed. Skipping.
2025-07-14 20:17:01,585 - INFO - Successfully processed RFQ folder: RFQ2030
2025-07-14 20:17:01,586 - INFO - RFQ RFQ2035 has already been processed. Skipping.
2025-07-14 20:17:01,586 - INFO - Successfully processed RFQ folder: RFQ2035
2025-07-14 20:17:01,586 - INFO - RFQ RFQ2037 has already been processed. Skipping.
2025-07-14 20:17:01,586 - INFO - Successfully processed RFQ folder: RFQ2037
2025-07-14 20:17:08,694 - INFO - Successfully connected to Gmail
2025-07-14 20:17:08,697 - INFO - Found 9 RFQ folders to process
2025-07-14 20:17:08,698 - INFO - RFQ 2028_Aux_Engine has already been processed. Skipping.
2025-07-14 20:17:08,698 - INFO - Successfully processed RFQ folder: 2028_Aux_Engine
2025-07-14 20:17:08,699 - INFO - RFQ 2032_Sneakers has already been processed. Skipping.
2025-07-14 20:17:08,700 - INFO - Successfully processed RFQ folder: 2032_Sneakers
2025-07-14 20:17:08,700 - INFO - RFQ 2036_Tables has already been processed. Skipping.
2025-07-14 20:17:08,701 - INFO - Successfully processed RFQ folder: 2036_Tables
2025-07-14 20:17:08,701 - INFO - RFQ items2031 has already been processed. Skipping.
2025-07-14 20:17:08,701 - INFO - Successfully processed RFQ folder: items2031
2025-07-14 20:17:08,701 - INFO - RFQ Requisition2033 has already been processed. Skipping.
2025-07-14 20:17:08,702 - INFO - Successfully processed RFQ folder: Requisition2033
2025-07-14 20:17:08,702 - INFO - RFQ RFQ2029 has already been processed. Skipping.
2025-07-14 20:17:08,702 - INFO - Successfully processed RFQ folder: RFQ2029
2025-07-14 20:17:08,702 - INFO - RFQ RFQ2030 has already been processed. Skipping.
2025-07-14 20:17:08,702 - INFO - Successfully processed RFQ folder: RFQ2030
2025-07-14 20:17:08,703 - INFO - RFQ RFQ2035 has already been processed. Skipping.
2025-07-14 20:17:08,703 - INFO - Successfully processed RFQ folder: RFQ2035
2025-07-14 20:17:08,703 - INFO - RFQ RFQ2037 has already been processed. Skipping.
2025-07-14 20:17:08,703 - INFO - Successfully processed RFQ folder: RFQ2037
2025-07-14 20:17:16,474 - INFO - Successfully connected to Gmail
2025-07-14 20:17:16,476 - INFO - Found 9 RFQ folders to process
2025-07-14 20:17:16,477 - INFO - RFQ 2028_Aux_Engine has already been processed. Skipping.
2025-07-14 20:17:16,477 - INFO - Successfully processed RFQ folder: 2028_Aux_Engine
2025-07-14 20:17:16,477 - INFO - RFQ 2032_Sneakers has already been processed. Skipping.
2025-07-14 20:17:16,477 - INFO - Successfully processed RFQ folder: 2032_Sneakers
2025-07-14 20:17:16,477 - INFO - RFQ 2036_Tables has already been processed. Skipping.
2025-07-14 20:17:16,478 - INFO - Successfully processed RFQ folder: 2036_Tables
2025-07-14 20:17:16,478 - INFO - RFQ items2031 has already been processed. Skipping.
2025-07-14 20:17:16,478 - INFO - Successfully processed RFQ folder: items2031
2025-07-14 20:17:16,478 - INFO - RFQ Requisition2033 has already been processed. Skipping.
2025-07-14 20:17:16,478 - INFO - Successfully processed RFQ folder: Requisition2033
2025-07-14 20:17:16,478 - INFO - RFQ RFQ2029 has already been processed. Skipping.
2025-07-14 20:17:16,478 - INFO - Successfully processed RFQ folder: RFQ2029
2025-07-14 20:17:16,479 - INFO - RFQ RFQ2030 has already been processed. Skipping.
2025-07-14 20:17:16,479 - INFO - Successfully processed RFQ folder: RFQ2030
2025-07-14 20:17:16,479 - INFO - RFQ RFQ2035 has already been processed. Skipping.
2025-07-14 20:17:16,479 - INFO - Successfully processed RFQ folder: RFQ2035
2025-07-14 20:17:16,479 - INFO - RFQ RFQ2037 has already been processed. Skipping.
2025-07-14 20:17:16,480 - INFO - Successfully processed RFQ folder: RFQ2037
2025-07-14 20:17:33,681 - INFO - Successfully connected to Gmail
2025-07-14 20:17:33,681 - INFO - Found 9 RFQ folders to process
2025-07-14 20:17:33,681 - INFO - RFQ 2028_Aux_Engine has already been processed. Skipping.
2025-07-14 20:17:33,681 - INFO - Successfully processed RFQ folder: 2028_Aux_Engine
2025-07-14 20:17:33,683 - INFO - RFQ 2032_Sneakers has already been processed. Skipping.
2025-07-14 20:17:33,683 - INFO - Successfully processed RFQ folder: 2032_Sneakers
2025-07-14 20:17:33,683 - INFO - RFQ 2036_Tables has already been processed. Skipping.
2025-07-14 20:17:33,683 - INFO - Successfully processed RFQ folder: 2036_Tables
2025-07-14 20:17:33,683 - INFO - RFQ items2031 has already been processed. Skipping.
2025-07-14 20:17:33,683 - INFO - Successfully processed RFQ folder: items2031
2025-07-14 20:17:33,683 - INFO - RFQ Requisition2033 has already been processed. Skipping.
2025-07-14 20:17:33,683 - INFO - Successfully processed RFQ folder: Requisition2033
2025-07-14 20:17:33,684 - INFO - RFQ RFQ2029 has already been processed. Skipping.
2025-07-14 20:17:33,684 - INFO - Successfully processed RFQ folder: RFQ2029
2025-07-14 20:17:33,684 - INFO - RFQ RFQ2030 has already been processed. Skipping.
2025-07-14 20:17:33,684 - INFO - Successfully processed RFQ folder: RFQ2030
2025-07-14 20:17:33,684 - INFO - RFQ RFQ2035 has already been processed. Skipping.
2025-07-14 20:17:33,684 - INFO - Successfully processed RFQ folder: RFQ2035
2025-07-14 20:17:33,684 - INFO - RFQ RFQ2037 has already been processed. Skipping.
2025-07-14 20:17:33,684 - INFO - Successfully processed RFQ folder: RFQ2037
2025-07-14 20:17:43,098 - INFO - Successfully connected to Gmail
2025-07-14 20:17:43,102 - INFO - Found 9 RFQ folders to process
2025-07-14 20:17:43,102 - INFO - RFQ 2028_Aux_Engine has already been processed. Skipping.
2025-07-14 20:17:43,103 - INFO - Successfully processed RFQ folder: 2028_Aux_Engine
2025-07-14 20:17:43,103 - INFO - RFQ 2032_Sneakers has already been processed. Skipping.
2025-07-14 20:17:43,103 - INFO - Successfully processed RFQ folder: 2032_Sneakers
2025-07-14 20:17:43,103 - INFO - RFQ 2036_Tables has already been processed. Skipping.
2025-07-14 20:17:43,104 - INFO - Successfully processed RFQ folder: 2036_Tables
2025-07-14 20:17:43,104 - INFO - RFQ items2031 has already been processed. Skipping.
2025-07-14 20:17:43,104 - INFO - Successfully processed RFQ folder: items2031
2025-07-14 20:17:43,104 - INFO - RFQ Requisition2033 has already been processed. Skipping.
2025-07-14 20:17:43,104 - INFO - Successfully processed RFQ folder: Requisition2033
2025-07-14 20:17:43,105 - INFO - RFQ RFQ2029 has already been processed. Skipping.
2025-07-14 20:17:43,105 - INFO - Successfully processed RFQ folder: RFQ2029
2025-07-14 20:17:43,105 - INFO - RFQ RFQ2030 has already been processed. Skipping.
2025-07-14 20:17:43,105 - INFO - Successfully processed RFQ folder: RFQ2030
2025-07-14 20:17:43,105 - INFO - RFQ RFQ2035 has already been processed. Skipping.
2025-07-14 20:17:43,105 - INFO - Successfully processed RFQ folder: RFQ2035
2025-07-14 20:17:43,106 - INFO - RFQ RFQ2037 has already been processed. Skipping.
2025-07-14 20:17:43,106 - INFO - Successfully processed RFQ folder: RFQ2037
2025-07-14 20:17:50,581 - INFO - Successfully connected to Gmail
2025-07-14 20:17:50,582 - INFO - Found 9 RFQ folders to process
2025-07-14 20:17:50,582 - INFO - RFQ 2028_Aux_Engine has already been processed. Skipping.
2025-07-14 20:17:50,582 - INFO - Successfully processed RFQ folder: 2028_Aux_Engine
2025-07-14 20:17:50,583 - INFO - RFQ 2032_Sneakers has already been processed. Skipping.
2025-07-14 20:17:50,583 - INFO - Successfully processed RFQ folder: 2032_Sneakers
2025-07-14 20:17:50,583 - INFO - RFQ 2036_Tables has already been processed. Skipping.
2025-07-14 20:17:50,583 - INFO - Successfully processed RFQ folder: 2036_Tables
2025-07-14 20:17:50,583 - INFO - RFQ items2031 has already been processed. Skipping.
2025-07-14 20:17:50,583 - INFO - Successfully processed RFQ folder: items2031
2025-07-14 20:17:50,584 - INFO - RFQ Requisition2033 has already been processed. Skipping.
2025-07-14 20:17:50,584 - INFO - Successfully processed RFQ folder: Requisition2033
2025-07-14 20:17:50,584 - INFO - RFQ RFQ2029 has already been processed. Skipping.
2025-07-14 20:17:50,584 - INFO - Successfully processed RFQ folder: RFQ2029
2025-07-14 20:17:50,584 - INFO - RFQ RFQ2030 has already been processed. Skipping.
2025-07-14 20:17:50,584 - INFO - Successfully processed RFQ folder: RFQ2030
2025-07-14 20:17:50,584 - INFO - RFQ RFQ2035 has already been processed. Skipping.
2025-07-14 20:17:50,584 - INFO - Successfully processed RFQ folder: RFQ2035
2025-07-14 20:17:50,585 - INFO - RFQ RFQ2037 has already been processed. Skipping.
2025-07-14 20:17:50,585 - INFO - Successfully processed RFQ folder: RFQ2037
2025-07-14 20:17:58,063 - INFO - Successfully connected to Gmail
2025-07-14 20:17:58,067 - INFO - Found 9 RFQ folders to process
2025-07-14 20:17:58,067 - INFO - RFQ 2028_Aux_Engine has already been processed. Skipping.
2025-07-14 20:17:58,068 - INFO - Successfully processed RFQ folder: 2028_Aux_Engine
2025-07-14 20:17:58,069 - INFO - RFQ 2032_Sneakers has already been processed. Skipping.
2025-07-14 20:17:58,069 - INFO - Successfully processed RFQ folder: 2032_Sneakers
2025-07-14 20:17:58,069 - INFO - RFQ 2036_Tables has already been processed. Skipping.
2025-07-14 20:17:58,069 - INFO - Successfully processed RFQ folder: 2036_Tables
2025-07-14 20:17:58,070 - INFO - RFQ items2031 has already been processed. Skipping.
2025-07-14 20:17:58,070 - INFO - Successfully processed RFQ folder: items2031
2025-07-14 20:17:58,070 - INFO - RFQ Requisition2033 has already been processed. Skipping.
2025-07-14 20:17:58,070 - INFO - Successfully processed RFQ folder: Requisition2033
2025-07-14 20:17:58,070 - INFO - RFQ RFQ2029 has already been processed. Skipping.
2025-07-14 20:17:58,070 - INFO - Successfully processed RFQ folder: RFQ2029
2025-07-14 20:17:58,071 - INFO - RFQ RFQ2030 has already been processed. Skipping.
2025-07-14 20:17:58,071 - INFO - Successfully processed RFQ folder: RFQ2030
2025-07-14 20:17:58,071 - INFO - RFQ RFQ2035 has already been processed. Skipping.
2025-07-14 20:17:58,071 - INFO - Successfully processed RFQ folder: RFQ2035
2025-07-14 20:17:58,072 - INFO - RFQ RFQ2037 has already been processed. Skipping.
2025-07-14 20:17:58,072 - INFO - Successfully processed RFQ folder: RFQ2037
2025-07-14 20:18:04,567 - INFO - Successfully connected to Gmail
2025-07-14 20:18:04,569 - INFO - Found 9 RFQ folders to process
2025-07-14 20:18:04,570 - INFO - RFQ 2028_Aux_Engine has already been processed. Skipping.
2025-07-14 20:18:04,570 - INFO - Successfully processed RFQ folder: 2028_Aux_Engine
2025-07-14 20:18:04,571 - INFO - RFQ 2032_Sneakers has already been processed. Skipping.
2025-07-14 20:18:04,571 - INFO - Successfully processed RFQ folder: 2032_Sneakers
2025-07-14 20:18:04,571 - INFO - RFQ 2036_Tables has already been processed. Skipping.
2025-07-14 20:18:04,571 - INFO - Successfully processed RFQ folder: 2036_Tables
2025-07-14 20:18:04,571 - INFO - RFQ items2031 has already been processed. Skipping.
2025-07-14 20:18:04,571 - INFO - Successfully processed RFQ folder: items2031
2025-07-14 20:18:04,572 - INFO - RFQ Requisition2033 has already been processed. Skipping.
2025-07-14 20:18:04,572 - INFO - Successfully processed RFQ folder: Requisition2033
2025-07-14 20:18:04,573 - INFO - RFQ RFQ2029 has already been processed. Skipping.
2025-07-14 20:18:04,573 - INFO - Successfully processed RFQ folder: RFQ2029
2025-07-14 20:18:04,573 - INFO - RFQ RFQ2030 has already been processed. Skipping.
2025-07-14 20:18:04,573 - INFO - Successfully processed RFQ folder: RFQ2030
2025-07-14 20:18:04,574 - INFO - RFQ RFQ2035 has already been processed. Skipping.
2025-07-14 20:18:04,574 - INFO - Successfully processed RFQ folder: RFQ2035
2025-07-14 20:18:04,574 - INFO - RFQ RFQ2037 has already been processed. Skipping.
2025-07-14 20:18:04,574 - INFO - Successfully processed RFQ folder: RFQ2037
2025-07-14 20:18:11,643 - INFO - Successfully connected to Gmail
2025-07-14 20:18:11,644 - INFO - Found 9 RFQ folders to process
2025-07-14 20:18:11,647 - INFO - RFQ 2028_Aux_Engine has already been processed. Skipping.
2025-07-14 20:18:11,647 - INFO - Successfully processed RFQ folder: 2028_Aux_Engine
2025-07-14 20:18:11,648 - INFO - RFQ 2032_Sneakers has already been processed. Skipping.
2025-07-14 20:18:11,648 - INFO - Successfully processed RFQ folder: 2032_Sneakers
2025-07-14 20:18:11,649 - INFO - RFQ 2036_Tables has already been processed. Skipping.
2025-07-14 20:18:11,649 - INFO - Successfully processed RFQ folder: 2036_Tables
2025-07-14 20:18:11,649 - INFO - RFQ items2031 has already been processed. Skipping.
2025-07-14 20:18:11,649 - INFO - Successfully processed RFQ folder: items2031
2025-07-14 20:18:11,649 - INFO - RFQ Requisition2033 has already been processed. Skipping.
2025-07-14 20:18:11,649 - INFO - Successfully processed RFQ folder: Requisition2033
2025-07-14 20:18:11,650 - INFO - RFQ RFQ2029 has already been processed. Skipping.
2025-07-14 20:18:11,650 - INFO - Successfully processed RFQ folder: RFQ2029
2025-07-14 20:18:11,650 - INFO - RFQ RFQ2030 has already been processed. Skipping.
2025-07-14 20:18:11,650 - INFO - Successfully processed RFQ folder: RFQ2030
2025-07-14 20:18:11,651 - INFO - RFQ RFQ2035 has already been processed. Skipping.
2025-07-14 20:18:11,651 - INFO - Successfully processed RFQ folder: RFQ2035
2025-07-14 20:18:11,651 - INFO - RFQ RFQ2037 has already been processed. Skipping.
2025-07-14 20:18:11,651 - INFO - Successfully processed RFQ folder: RFQ2037
2025-07-14 20:18:19,932 - INFO - Successfully connected to Gmail
2025-07-14 20:18:19,936 - INFO - Found 9 RFQ folders to process
2025-07-14 20:18:19,937 - INFO - RFQ 2028_Aux_Engine has already been processed. Skipping.
2025-07-14 20:18:19,937 - INFO - Successfully processed RFQ folder: 2028_Aux_Engine
2025-07-14 20:18:19,938 - INFO - RFQ 2032_Sneakers has already been processed. Skipping.
2025-07-14 20:18:19,938 - INFO - Successfully processed RFQ folder: 2032_Sneakers
2025-07-14 20:18:19,938 - INFO - RFQ 2036_Tables has already been processed. Skipping.
2025-07-14 20:18:19,939 - INFO - Successfully processed RFQ folder: 2036_Tables
2025-07-14 20:18:19,939 - INFO - RFQ items2031 has already been processed. Skipping.
2025-07-14 20:18:19,940 - INFO - Successfully processed RFQ folder: items2031
2025-07-14 20:18:19,940 - INFO - RFQ Requisition2033 has already been processed. Skipping.
2025-07-14 20:18:19,941 - INFO - Successfully processed RFQ folder: Requisition2033
2025-07-14 20:18:19,941 - INFO - RFQ RFQ2029 has already been processed. Skipping.
2025-07-14 20:18:19,941 - INFO - Successfully processed RFQ folder: RFQ2029
2025-07-14 20:18:19,942 - INFO - RFQ RFQ2030 has already been processed. Skipping.
2025-07-14 20:18:19,942 - INFO - Successfully processed RFQ folder: RFQ2030
2025-07-14 20:18:19,943 - INFO - RFQ RFQ2035 has already been processed. Skipping.
2025-07-14 20:18:19,943 - INFO - Successfully processed RFQ folder: RFQ2035
2025-07-14 20:18:19,944 - INFO - RFQ RFQ2037 has already been processed. Skipping.
2025-07-14 20:18:19,944 - INFO - Successfully processed RFQ folder: RFQ2037
2025-07-14 20:18:27,762 - INFO - Successfully connected to Gmail
2025-07-14 20:18:27,766 - INFO - Found 9 RFQ folders to process
2025-07-14 20:18:27,767 - INFO - RFQ 2028_Aux_Engine has already been processed. Skipping.
2025-07-14 20:18:27,767 - INFO - Successfully processed RFQ folder: 2028_Aux_Engine
2025-07-14 20:18:27,767 - INFO - RFQ 2032_Sneakers has already been processed. Skipping.
2025-07-14 20:18:27,768 - INFO - Successfully processed RFQ folder: 2032_Sneakers
2025-07-14 20:18:27,768 - INFO - RFQ 2036_Tables has already been processed. Skipping.
2025-07-14 20:18:27,768 - INFO - Successfully processed RFQ folder: 2036_Tables
2025-07-14 20:18:27,769 - INFO - RFQ items2031 has already been processed. Skipping.
2025-07-14 20:18:27,769 - INFO - Successfully processed RFQ folder: items2031
2025-07-14 20:18:27,769 - INFO - RFQ Requisition2033 has already been processed. Skipping.
2025-07-14 20:18:27,769 - INFO - Successfully processed RFQ folder: Requisition2033
2025-07-14 20:18:27,770 - INFO - RFQ RFQ2029 has already been processed. Skipping.
2025-07-14 20:18:27,770 - INFO - Successfully processed RFQ folder: RFQ2029
2025-07-14 20:18:27,770 - INFO - RFQ RFQ2030 has already been processed. Skipping.
2025-07-14 20:18:27,770 - INFO - Successfully processed RFQ folder: RFQ2030
2025-07-14 20:18:27,770 - INFO - RFQ RFQ2035 has already been processed. Skipping.
2025-07-14 20:18:27,771 - INFO - Successfully processed RFQ folder: RFQ2035
2025-07-14 20:18:27,771 - INFO - RFQ RFQ2037 has already been processed. Skipping.
2025-07-14 20:18:27,771 - INFO - Successfully processed RFQ folder: RFQ2037
2025-07-14 20:18:39,911 - INFO - Successfully connected to Gmail
2025-07-14 20:18:39,914 - INFO - Found 9 RFQ folders to process
2025-07-14 20:18:39,914 - INFO - RFQ 2028_Aux_Engine has already been processed. Skipping.
2025-07-14 20:18:39,915 - INFO - Successfully processed RFQ folder: 2028_Aux_Engine
2025-07-14 20:18:39,915 - INFO - RFQ 2032_Sneakers has already been processed. Skipping.
2025-07-14 20:18:39,915 - INFO - Successfully processed RFQ folder: 2032_Sneakers
2025-07-14 20:18:39,916 - INFO - RFQ 2036_Tables has already been processed. Skipping.
2025-07-14 20:18:39,916 - INFO - Successfully processed RFQ folder: 2036_Tables
2025-07-14 20:18:39,917 - INFO - RFQ items2031 has already been processed. Skipping.
2025-07-14 20:18:39,917 - INFO - Successfully processed RFQ folder: items2031
2025-07-14 20:18:39,918 - INFO - RFQ Requisition2033 has already been processed. Skipping.
2025-07-14 20:18:39,918 - INFO - Successfully processed RFQ folder: Requisition2033
2025-07-14 20:18:39,919 - INFO - RFQ RFQ2029 has already been processed. Skipping.
2025-07-14 20:18:39,919 - INFO - Successfully processed RFQ folder: RFQ2029
2025-07-14 20:18:39,919 - INFO - RFQ RFQ2030 has already been processed. Skipping.
2025-07-14 20:18:39,919 - INFO - Successfully processed RFQ folder: RFQ2030
2025-07-14 20:18:39,920 - INFO - RFQ RFQ2035 has already been processed. Skipping.
2025-07-14 20:18:39,920 - INFO - Successfully processed RFQ folder: RFQ2035
2025-07-14 20:18:39,921 - INFO - RFQ RFQ2037 has already been processed. Skipping.
2025-07-14 20:18:39,921 - INFO - Successfully processed RFQ folder: RFQ2037
2025-07-14 20:19:20,142 - INFO - Successfully connected to Gmail
2025-07-14 20:19:20,144 - INFO - Found 9 RFQ folders to process
2025-07-14 20:19:20,145 - INFO - RFQ 2028_Aux_Engine has already been processed. Skipping.
2025-07-14 20:19:20,145 - INFO - Successfully processed RFQ folder: 2028_Aux_Engine
2025-07-14 20:19:20,145 - INFO - RFQ 2032_Sneakers has already been processed. Skipping.
2025-07-14 20:19:20,145 - INFO - Successfully processed RFQ folder: 2032_Sneakers
2025-07-14 20:19:20,146 - INFO - RFQ 2036_Tables has already been processed. Skipping.
2025-07-14 20:19:20,146 - INFO - Successfully processed RFQ folder: 2036_Tables
2025-07-14 20:19:20,146 - INFO - RFQ items2031 has already been processed. Skipping.
2025-07-14 20:19:20,147 - INFO - Successfully processed RFQ folder: items2031
2025-07-14 20:19:20,147 - INFO - RFQ Requisition2033 has already been processed. Skipping.
2025-07-14 20:19:20,147 - INFO - Successfully processed RFQ folder: Requisition2033
2025-07-14 20:19:20,147 - INFO - RFQ RFQ2029 has already been processed. Skipping.
2025-07-14 20:19:20,147 - INFO - Successfully processed RFQ folder: RFQ2029
2025-07-14 20:19:20,148 - INFO - RFQ RFQ2030 has already been processed. Skipping.
2025-07-14 20:19:20,148 - INFO - Successfully processed RFQ folder: RFQ2030
2025-07-14 20:19:20,148 - INFO - RFQ RFQ2035 has already been processed. Skipping.
2025-07-14 20:19:20,148 - INFO - Successfully processed RFQ folder: RFQ2035
2025-07-14 20:19:20,149 - INFO - RFQ RFQ2037 has already been processed. Skipping.
2025-07-14 20:19:20,149 - INFO - Successfully processed RFQ folder: RFQ2037
2025-07-14 20:19:27,043 - INFO - Successfully connected to Gmail
2025-07-14 20:19:27,046 - INFO - Found 9 RFQ folders to process
2025-07-14 20:19:27,047 - INFO - RFQ 2028_Aux_Engine has already been processed. Skipping.
2025-07-14 20:19:27,047 - INFO - Successfully processed RFQ folder: 2028_Aux_Engine
2025-07-14 20:19:27,047 - INFO - RFQ 2032_Sneakers has already been processed. Skipping.
2025-07-14 20:19:27,048 - INFO - Successfully processed RFQ folder: 2032_Sneakers
2025-07-14 20:19:27,048 - INFO - RFQ 2036_Tables has already been processed. Skipping.
2025-07-14 20:19:27,048 - INFO - Successfully processed RFQ folder: 2036_Tables
2025-07-14 20:19:27,048 - INFO - RFQ items2031 has already been processed. Skipping.
2025-07-14 20:19:27,049 - INFO - Successfully processed RFQ folder: items2031
2025-07-14 20:19:27,049 - INFO - RFQ Requisition2033 has already been processed. Skipping.
2025-07-14 20:19:27,049 - INFO - Successfully processed RFQ folder: Requisition2033
2025-07-14 20:19:27,049 - INFO - RFQ RFQ2029 has already been processed. Skipping.
2025-07-14 20:19:27,049 - INFO - Successfully processed RFQ folder: RFQ2029
2025-07-14 20:19:27,050 - INFO - RFQ RFQ2030 has already been processed. Skipping.
2025-07-14 20:19:27,050 - INFO - Successfully processed RFQ folder: RFQ2030
2025-07-14 20:19:27,050 - INFO - RFQ RFQ2035 has already been processed. Skipping.
2025-07-14 20:19:27,050 - INFO - Successfully processed RFQ folder: RFQ2035
2025-07-14 20:19:27,050 - INFO - RFQ RFQ2037 has already been processed. Skipping.
2025-07-14 20:19:27,050 - INFO - Successfully processed RFQ folder: RFQ2037
2025-07-14 20:19:34,510 - INFO - Successfully connected to Gmail
2025-07-14 20:19:34,512 - INFO - Found 9 RFQ folders to process
2025-07-14 20:19:34,512 - INFO - RFQ 2028_Aux_Engine has already been processed. Skipping.
2025-07-14 20:19:34,512 - INFO - Successfully processed RFQ folder: 2028_Aux_Engine
2025-07-14 20:19:34,513 - INFO - RFQ 2032_Sneakers has already been processed. Skipping.
2025-07-14 20:19:34,513 - INFO - Successfully processed RFQ folder: 2032_Sneakers
2025-07-14 20:19:34,513 - INFO - RFQ 2036_Tables has already been processed. Skipping.
2025-07-14 20:19:34,513 - INFO - Successfully processed RFQ folder: 2036_Tables
2025-07-14 20:19:34,514 - INFO - RFQ items2031 has already been processed. Skipping.
2025-07-14 20:19:34,514 - INFO - Successfully processed RFQ folder: items2031
2025-07-14 20:19:34,514 - INFO - RFQ Requisition2033 has already been processed. Skipping.
2025-07-14 20:19:34,514 - INFO - Successfully processed RFQ folder: Requisition2033
2025-07-14 20:19:34,514 - INFO - RFQ RFQ2029 has already been processed. Skipping.
2025-07-14 20:19:34,514 - INFO - Successfully processed RFQ folder: RFQ2029
2025-07-14 20:19:34,515 - INFO - RFQ RFQ2030 has already been processed. Skipping.
2025-07-14 20:19:34,515 - INFO - Successfully processed RFQ folder: RFQ2030
2025-07-14 20:19:34,515 - INFO - RFQ RFQ2035 has already been processed. Skipping.
2025-07-14 20:19:34,515 - INFO - Successfully processed RFQ folder: RFQ2035
2025-07-14 20:19:34,515 - INFO - RFQ RFQ2037 has already been processed. Skipping.
2025-07-14 20:19:34,515 - INFO - Successfully processed RFQ folder: RFQ2037
2025-07-14 20:19:42,395 - INFO - Successfully connected to Gmail
2025-07-14 20:19:42,396 - INFO - Found 9 RFQ folders to process
2025-07-14 20:19:42,397 - INFO - RFQ 2028_Aux_Engine has already been processed. Skipping.
2025-07-14 20:19:42,397 - INFO - Successfully processed RFQ folder: 2028_Aux_Engine
2025-07-14 20:19:42,397 - INFO - RFQ 2032_Sneakers has already been processed. Skipping.
2025-07-14 20:19:42,397 - INFO - Successfully processed RFQ folder: 2032_Sneakers
2025-07-14 20:19:42,397 - INFO - RFQ 2036_Tables has already been processed. Skipping.
2025-07-14 20:19:42,397 - INFO - Successfully processed RFQ folder: 2036_Tables
2025-07-14 20:19:42,397 - INFO - RFQ items2031 has already been processed. Skipping.
2025-07-14 20:19:42,397 - INFO - Successfully processed RFQ folder: items2031
2025-07-14 20:19:42,399 - INFO - RFQ Requisition2033 has already been processed. Skipping.
2025-07-14 20:19:42,399 - INFO - Successfully processed RFQ folder: Requisition2033
2025-07-14 20:19:42,399 - INFO - RFQ RFQ2029 has already been processed. Skipping.
2025-07-14 20:19:42,399 - INFO - Successfully processed RFQ folder: RFQ2029
2025-07-14 20:19:42,399 - INFO - RFQ RFQ2030 has already been processed. Skipping.
2025-07-14 20:19:42,399 - INFO - Successfully processed RFQ folder: RFQ2030
2025-07-14 20:19:42,399 - INFO - RFQ RFQ2035 has already been processed. Skipping.
2025-07-14 20:19:42,399 - INFO - Successfully processed RFQ folder: RFQ2035
2025-07-14 20:19:42,399 - INFO - RFQ RFQ2037 has already been processed. Skipping.
2025-07-14 20:19:42,399 - INFO - Successfully processed RFQ folder: RFQ2037
2025-07-14 20:19:49,786 - INFO - Successfully connected to Gmail
2025-07-14 20:19:49,789 - INFO - Found 9 RFQ folders to process
2025-07-14 20:19:49,790 - INFO - RFQ 2028_Aux_Engine has already been processed. Skipping.
2025-07-14 20:19:49,790 - INFO - Successfully processed RFQ folder: 2028_Aux_Engine
2025-07-14 20:19:49,790 - INFO - RFQ 2032_Sneakers has already been processed. Skipping.
2025-07-14 20:19:49,790 - INFO - Successfully processed RFQ folder: 2032_Sneakers
2025-07-14 20:19:49,790 - INFO - RFQ 2036_Tables has already been processed. Skipping.
2025-07-14 20:19:49,791 - INFO - Successfully processed RFQ folder: 2036_Tables
2025-07-14 20:19:49,791 - INFO - RFQ items2031 has already been processed. Skipping.
2025-07-14 20:19:49,791 - INFO - Successfully processed RFQ folder: items2031
2025-07-14 20:19:49,791 - INFO - RFQ Requisition2033 has already been processed. Skipping.
2025-07-14 20:19:49,791 - INFO - Successfully processed RFQ folder: Requisition2033
2025-07-14 20:19:49,792 - INFO - RFQ RFQ2029 has already been processed. Skipping.
2025-07-14 20:19:49,792 - INFO - Successfully processed RFQ folder: RFQ2029
2025-07-14 20:19:49,792 - INFO - RFQ RFQ2030 has already been processed. Skipping.
2025-07-14 20:19:49,792 - INFO - Successfully processed RFQ folder: RFQ2030
2025-07-14 20:19:49,793 - INFO - RFQ RFQ2035 has already been processed. Skipping.
2025-07-14 20:19:49,793 - INFO - Successfully processed RFQ folder: RFQ2035
2025-07-14 20:19:49,793 - INFO - RFQ RFQ2037 has already been processed. Skipping.
2025-07-14 20:19:49,793 - INFO - Successfully processed RFQ folder: RFQ2037
2025-07-14 20:19:55,947 - INFO - Successfully connected to Gmail
2025-07-14 20:19:55,951 - INFO - Found 9 RFQ folders to process
2025-07-14 20:19:55,951 - INFO - RFQ 2028_Aux_Engine has already been processed. Skipping.
2025-07-14 20:19:55,952 - INFO - Successfully processed RFQ folder: 2028_Aux_Engine
2025-07-14 20:19:55,952 - INFO - RFQ 2032_Sneakers has already been processed. Skipping.
2025-07-14 20:19:55,952 - INFO - Successfully processed RFQ folder: 2032_Sneakers
2025-07-14 20:19:55,953 - INFO - RFQ 2036_Tables has already been processed. Skipping.
2025-07-14 20:19:55,953 - INFO - Successfully processed RFQ folder: 2036_Tables
2025-07-14 20:19:55,953 - INFO - RFQ items2031 has already been processed. Skipping.
2025-07-14 20:19:55,954 - INFO - Successfully processed RFQ folder: items2031
2025-07-14 20:19:55,954 - INFO - RFQ Requisition2033 has already been processed. Skipping.
2025-07-14 20:19:55,954 - INFO - Successfully processed RFQ folder: Requisition2033
2025-07-14 20:19:55,955 - INFO - RFQ RFQ2029 has already been processed. Skipping.
2025-07-14 20:19:55,955 - INFO - Successfully processed RFQ folder: RFQ2029
2025-07-14 20:19:55,955 - INFO - RFQ RFQ2030 has already been processed. Skipping.
2025-07-14 20:19:55,955 - INFO - Successfully processed RFQ folder: RFQ2030
2025-07-14 20:19:55,955 - INFO - RFQ RFQ2035 has already been processed. Skipping.
2025-07-14 20:19:55,956 - INFO - Successfully processed RFQ folder: RFQ2035
2025-07-14 20:19:55,956 - INFO - RFQ RFQ2037 has already been processed. Skipping.
2025-07-14 20:19:55,956 - INFO - Successfully processed RFQ folder: RFQ2037
2025-07-14 20:20:02,376 - INFO - Successfully connected to Gmail
2025-07-14 20:20:02,378 - INFO - Found 9 RFQ folders to process
2025-07-14 20:20:02,378 - INFO - RFQ 2028_Aux_Engine has already been processed. Skipping.
2025-07-14 20:20:02,378 - INFO - Successfully processed RFQ folder: 2028_Aux_Engine
2025-07-14 20:20:02,378 - INFO - RFQ 2032_Sneakers has already been processed. Skipping.
2025-07-14 20:20:02,378 - INFO - Successfully processed RFQ folder: 2032_Sneakers
2025-07-14 20:20:02,379 - INFO - RFQ 2036_Tables has already been processed. Skipping.
2025-07-14 20:20:02,379 - INFO - Successfully processed RFQ folder: 2036_Tables
2025-07-14 20:20:02,379 - INFO - RFQ items2031 has already been processed. Skipping.
2025-07-14 20:20:02,379 - INFO - Successfully processed RFQ folder: items2031
2025-07-14 20:20:02,379 - INFO - RFQ Requisition2033 has already been processed. Skipping.
2025-07-14 20:20:02,379 - INFO - Successfully processed RFQ folder: Requisition2033
2025-07-14 20:20:02,380 - INFO - RFQ RFQ2029 has already been processed. Skipping.
2025-07-14 20:20:02,380 - INFO - Successfully processed RFQ folder: RFQ2029
2025-07-14 20:20:02,380 - INFO - RFQ RFQ2030 has already been processed. Skipping.
2025-07-14 20:20:02,380 - INFO - Successfully processed RFQ folder: RFQ2030
2025-07-14 20:20:02,381 - INFO - RFQ RFQ2035 has already been processed. Skipping.
2025-07-14 20:20:02,381 - INFO - Successfully processed RFQ folder: RFQ2035
2025-07-14 20:20:02,381 - INFO - RFQ RFQ2037 has already been processed. Skipping.
2025-07-14 20:20:02,381 - INFO - Successfully processed RFQ folder: RFQ2037
2025-07-14 20:20:10,689 - INFO - Successfully connected to Gmail
2025-07-14 20:20:10,690 - INFO - Found 9 RFQ folders to process
2025-07-14 20:20:10,691 - INFO - RFQ 2028_Aux_Engine has already been processed. Skipping.
2025-07-14 20:20:10,691 - INFO - Successfully processed RFQ folder: 2028_Aux_Engine
2025-07-14 20:20:10,691 - INFO - RFQ 2032_Sneakers has already been processed. Skipping.
2025-07-14 20:20:10,691 - INFO - Successfully processed RFQ folder: 2032_Sneakers
2025-07-14 20:20:10,692 - INFO - RFQ 2036_Tables has already been processed. Skipping.
2025-07-14 20:20:10,692 - INFO - Successfully processed RFQ folder: 2036_Tables
2025-07-14 20:20:10,692 - INFO - RFQ items2031 has already been processed. Skipping.
2025-07-14 20:20:10,692 - INFO - Successfully processed RFQ folder: items2031
2025-07-14 20:20:10,692 - INFO - RFQ Requisition2033 has already been processed. Skipping.
2025-07-14 20:20:10,692 - INFO - Successfully processed RFQ folder: Requisition2033
2025-07-14 20:20:10,693 - INFO - RFQ RFQ2029 has already been processed. Skipping.
2025-07-14 20:20:10,693 - INFO - Successfully processed RFQ folder: RFQ2029
2025-07-14 20:20:10,693 - INFO - RFQ RFQ2030 has already been processed. Skipping.
2025-07-14 20:20:10,693 - INFO - Successfully processed RFQ folder: RFQ2030
2025-07-14 20:20:10,693 - INFO - RFQ RFQ2035 has already been processed. Skipping.
2025-07-14 20:20:10,693 - INFO - Successfully processed RFQ folder: RFQ2035
2025-07-14 20:20:10,694 - INFO - RFQ RFQ2037 has already been processed. Skipping.
2025-07-14 20:20:10,694 - INFO - Successfully processed RFQ folder: RFQ2037
2025-07-14 20:20:17,931 - INFO - Successfully connected to Gmail
2025-07-14 20:20:17,934 - INFO - Found 9 RFQ folders to process
2025-07-14 20:20:17,934 - INFO - RFQ 2028_Aux_Engine has already been processed. Skipping.
2025-07-14 20:20:17,934 - INFO - Successfully processed RFQ folder: 2028_Aux_Engine
2025-07-14 20:20:17,934 - INFO - RFQ 2032_Sneakers has already been processed. Skipping.
2025-07-14 20:20:17,935 - INFO - Successfully processed RFQ folder: 2032_Sneakers
2025-07-14 20:20:17,935 - INFO - RFQ 2036_Tables has already been processed. Skipping.
2025-07-14 20:20:17,935 - INFO - Successfully processed RFQ folder: 2036_Tables
2025-07-14 20:20:17,935 - INFO - RFQ items2031 has already been processed. Skipping.
2025-07-14 20:20:17,935 - INFO - Successfully processed RFQ folder: items2031
2025-07-14 20:20:17,936 - INFO - RFQ Requisition2033 has already been processed. Skipping.
2025-07-14 20:20:17,936 - INFO - Successfully processed RFQ folder: Requisition2033
2025-07-14 20:20:17,936 - INFO - RFQ RFQ2029 has already been processed. Skipping.
2025-07-14 20:20:17,936 - INFO - Successfully processed RFQ folder: RFQ2029
2025-07-14 20:20:17,936 - INFO - RFQ RFQ2030 has already been processed. Skipping.
2025-07-14 20:20:17,936 - INFO - Successfully processed RFQ folder: RFQ2030
2025-07-14 20:20:17,937 - INFO - RFQ RFQ2035 has already been processed. Skipping.
2025-07-14 20:20:17,937 - INFO - Successfully processed RFQ folder: RFQ2035
2025-07-14 20:20:17,937 - INFO - RFQ RFQ2037 has already been processed. Skipping.
2025-07-14 20:20:17,937 - INFO - Successfully processed RFQ folder: RFQ2037
2025-07-14 20:20:34,372 - INFO - Successfully connected to Gmail
2025-07-14 20:20:34,374 - INFO - Found 9 RFQ folders to process
2025-07-14 20:20:34,374 - INFO - RFQ 2028_Aux_Engine has already been processed. Skipping.
2025-07-14 20:20:34,374 - INFO - Successfully processed RFQ folder: 2028_Aux_Engine
2025-07-14 20:20:34,375 - INFO - RFQ 2032_Sneakers has already been processed. Skipping.
2025-07-14 20:20:34,375 - INFO - Successfully processed RFQ folder: 2032_Sneakers
2025-07-14 20:20:34,375 - INFO - RFQ 2036_Tables has already been processed. Skipping.
2025-07-14 20:20:34,375 - INFO - Successfully processed RFQ folder: 2036_Tables
2025-07-14 20:20:34,375 - INFO - RFQ items2031 has already been processed. Skipping.
2025-07-14 20:20:34,375 - INFO - Successfully processed RFQ folder: items2031
2025-07-14 20:20:34,376 - INFO - RFQ Requisition2033 has already been processed. Skipping.
2025-07-14 20:20:34,376 - INFO - Successfully processed RFQ folder: Requisition2033
2025-07-14 20:20:34,376 - INFO - RFQ RFQ2029 has already been processed. Skipping.
2025-07-14 20:20:34,376 - INFO - Successfully processed RFQ folder: RFQ2029
2025-07-14 20:20:34,376 - INFO - RFQ RFQ2030 has already been processed. Skipping.
2025-07-14 20:20:34,376 - INFO - Successfully processed RFQ folder: RFQ2030
2025-07-14 20:20:34,376 - INFO - RFQ RFQ2035 has already been processed. Skipping.
2025-07-14 20:20:34,376 - INFO - Successfully processed RFQ folder: RFQ2035
2025-07-14 20:20:34,376 - INFO - RFQ RFQ2037 has already been processed. Skipping.
2025-07-14 20:20:34,376 - INFO - Successfully processed RFQ folder: RFQ2037
2025-07-14 20:20:45,229 - INFO - Successfully connected to Gmail
2025-07-14 20:20:45,230 - INFO - Found 9 RFQ folders to process
2025-07-14 20:20:45,230 - INFO - RFQ 2028_Aux_Engine has already been processed. Skipping.
2025-07-14 20:20:45,230 - INFO - Successfully processed RFQ folder: 2028_Aux_Engine
2025-07-14 20:20:45,230 - INFO - RFQ 2032_Sneakers has already been processed. Skipping.
2025-07-14 20:20:45,230 - INFO - Successfully processed RFQ folder: 2032_Sneakers
2025-07-14 20:20:45,232 - INFO - RFQ 2036_Tables has already been processed. Skipping.
2025-07-14 20:20:45,232 - INFO - Successfully processed RFQ folder: 2036_Tables
2025-07-14 20:20:45,232 - INFO - RFQ items2031 has already been processed. Skipping.
2025-07-14 20:20:45,232 - INFO - Successfully processed RFQ folder: items2031
2025-07-14 20:20:45,232 - INFO - RFQ Requisition2033 has already been processed. Skipping.
2025-07-14 20:20:45,232 - INFO - Successfully processed RFQ folder: Requisition2033
2025-07-14 20:20:45,232 - INFO - RFQ RFQ2029 has already been processed. Skipping.
2025-07-14 20:20:45,232 - INFO - Successfully processed RFQ folder: RFQ2029
2025-07-14 20:20:45,232 - INFO - RFQ RFQ2030 has already been processed. Skipping.
2025-07-14 20:20:45,232 - INFO - Successfully processed RFQ folder: RFQ2030
2025-07-14 20:20:45,233 - INFO - RFQ RFQ2035 has already been processed. Skipping.
2025-07-14 20:20:45,233 - INFO - Successfully processed RFQ folder: RFQ2035
2025-07-14 20:20:45,233 - INFO - RFQ RFQ2037 has already been processed. Skipping.
2025-07-14 20:20:45,233 - INFO - Successfully processed RFQ folder: RFQ2037
